TN:
SF:src/common/LinkedIdList.sol
FN:112,LinkedIdList.init
FNDA:0,LinkedIdList.init
DA:114,0
DA:115,0
FN:121,LinkedIdList.length
FNDA:0,LinkedIdList.length
DA:122,0
FN:126,LinkedIdList.lastId
FNDA:0,LinkedIdList.lastId
DA:127,0
FN:134,LinkedIdList.listIds
FNDA:0,LinkedIdList.listIds
DA:135,0
DA:138,0
DA:139,0
DA:140,0
DA:141,0
DA:142,0
DA:143,0
DA:146,0
FN:149,LinkedIdList.isExistingId
FNDA:0,LinkedIdList.isExistingId
DA:155,0
FN:159,LinkedIdList.getPreviousId
FNDA:0,LinkedIdList.getPreviousId
DA:165,0
BRDA:165,0,0,-
BRDA:165,0,1,-
DA:166,0
DA:168,0
DA:170,0
DA:171,0
DA:172,0
BRDA:172,1,0,-
BRDA:172,1,1,-
DA:173,0
FN:179,LinkedIdList.getNextId
FNDA:0,LinkedIdList.getNextId
DA:185,0
FN:192,LinkedIdList.addId
FNDA:0,LinkedIdList.addId
DA:193,0
DA:194,0
DA:195,0
DA:196,0
FN:199,LinkedIdList.removeId
FNDA:0,LinkedIdList.removeId
DA:205,0
DA:206,0
DA:207,0
DA:211,0
BRDA:211,2,0,-
BRDA:211,2,1,-
DA:212,0
FN:216,LinkedIdList.moveIdInList
FNDA:0,LinkedIdList.moveIdInList
DA:223,0
DA:224,0
DA:229,0
DA:232,0
DA:233,0
DA:236,0
BRDA:236,3,0,-
BRDA:236,3,1,-
DA:238,0
BRDA:238,4,0,-
BRDA:238,4,1,-
DA:239,0
DA:243,0
FNF:10
FNH:0
LF:39
LH:0
BRF:10
BRH:0
end_of_record
TN:
SF:src/factories/ModuleFactory.sol
FN:76,ModuleFactory.createModule
FNDA:1041,ModuleFactory.createModule
DA:84,1041
DA:85,1041
DA:87,1041
BRDA:87,0,0,256
BRDA:87,0,1,785
DA:88,256
DA:101,785
BRDA:101,1,0,256
BRDA:101,1,1,529
DA:103,529
DA:105,529
DA:107,529
DA:109,529
FN:116,ModuleFactory.getBeaconAndId
FNDA:256,ModuleFactory.getBeaconAndId
DA:121,2324
DA:123,2324
FN:130,ModuleFactory.registerMetadata
FNDA:1286,ModuleFactory.registerMetadata
DA:136,1027
DA:137,1027
DA:138,1027
DA:141,1027
BRDA:141,2,0,1
BRDA:141,2,1,1026
DA:142,1
DA:146,1026
DA:147,1026
FNF:3
FNH:3
LF:18
LH:18
BRF:6
BRH:6
end_of_record
TN:
SF:src/factories/ProposalFactory.sol
FN:73,ProposalFactory.createProposal
FNDA:1859,ProposalFactory.createProposal
DA:80,1859
DA:83,1859
DA:86,1859
DA:93,1859
DA:100,1859
DA:107,1859
DA:108,1859
DA:109,1859
DA:110,1726
DA:118,1859
DA:128,1859
FN:132,ProposalFactory.getProposalByID
FNDA:699,ProposalFactory.getProposalByID
DA:138,479
FN:141,ProposalFactory.getProposalIDCounter
FNDA:256,ProposalFactory.getProposalIDCounter
DA:142,256
FNF:3
FNH:3
LF:13
LH:13
BRF:0
BRH:0
end_of_record
TN:
SF:src/factories/beacon/Beacon.sol
FN:40,Beacon.implementation
FNDA:81,Beacon.implementation
DA:41,81
FN:51,Beacon.upgradeTo
FNDA:260,Beacon.upgradeTo
DA:52,4
DA:53,3
FN:59,Beacon._setImplementation
FNDA:4,Beacon._setImplementation
DA:60,4
BRDA:60,0,0,1
BRDA:60,0,1,3
DA:61,1
DA:64,3
FN:71,Beacon.supportsInterface
FNDA:1,Beacon.supportsInterface
DA:78,1
FNF:4
FNH:4
LF:7
LH:7
BRF:2
BRH:2
end_of_record
TN:
SF:src/factories/beacon/BeaconProxy.sol
FN:41,BeaconProxy._implementation
FNDA:2364,BeaconProxy._implementation
DA:42,2364
FNF:1
FNH:1
LF:1
LH:1
BRF:0
BRH:0
end_of_record
TN:
SF:src/modules/Authorizer/ListAuthorizer.sol
FN:75,ListAuthorizer.init
FNDA:261,ListAuthorizer.init
DA:80,260
DA:81,260
DA:82,260
FN:85,ListAuthorizer.__ListAuthorizer_init
FNDA:260,ListAuthorizer.__ListAuthorizer_init
DA:90,260
DA:92,260
DA:94,260
BRDA:94,0,0,1
BRDA:94,0,1,259
DA:95,1
DA:98,259
DA:99,2658
DA:101,2658
BRDA:101,1,0,1
BRDA:101,1,1,2657
DA:102,1
DA:105,2657
BRDA:105,2,0,-
BRDA:105,2,1,2657
DA:107,0
DA:110,2657
DA:111,2657
DA:112,2657
FN:122,ListAuthorizer.isAuthorized
FNDA:37486,ListAuthorizer.isAuthorized
DA:129,55343
FN:133,ListAuthorizer.getAmountAuthorized
FNDA:2308,ListAuthorizer.getAmountAuthorized
DA:134,2308
FN:139,ListAuthorizer.addToAuthorized
FNDA:11310,ListAuthorizer.addToAuthorized
DA:140,8771
BRDA:140,3,0,-
BRDA:140,3,1,8771
DA:141,0
DA:143,8771
BRDA:143,4,0,8771
BRDA:143,4,1,8771
DA:144,8771
DA:145,8771
DA:147,8771
FN:153,ListAuthorizer.removeFromAuthorized
FNDA:7639,ListAuthorizer.removeFromAuthorized
DA:159,2560
BRDA:159,5,0,2560
BRDA:159,5,1,2560
DA:160,2560
DA:161,2560
DA:163,2560
FN:169,ListAuthorizer.transferAuthorization
FNDA:3263,ListAuthorizer.transferAuthorization
DA:172,3263
BRDA:172,6,0,1190
BRDA:172,6,1,2073
DA:173,1190
DA:174,1190
DA:176,1190
DA:177,1190
DA:179,2073
FNF:7
FNH:7
LF:34
LH:32
BRF:14
BRH:12
end_of_record
TN:
SF:src/modules/Authorizer/SingleVoteGovernor.sol
FN:75,SingleVoteGovernor.init
FNDA:517,SingleVoteGovernor.init
DA:80,516
DA:84,516
DA:85,516
DA:86,516
DA:87,516
DA:90,516
DA:93,516
BRDA:93,0,0,1
BRDA:93,0,1,515
DA:94,1
DA:99,515
BRDA:99,1,0,-
BRDA:99,1,1,515
DA:100,0
DA:105,515
BRDA:104,2,0,-
BRDA:104,2,1,515
DA:108,0
DA:112,515
DA:113,515
DA:114,6686
DA:117,6686
BRDA:116,3,0,3
BRDA:116,3,1,6683
DA:120,3
DA:123,6683
BRDA:123,4,0,256
BRDA:123,4,1,6427
DA:124,256
DA:127,6427
DA:128,6427
DA:132,256
DA:135,256
DA:136,256
DA:139,256
DA:140,256
FN:147,SingleVoteGovernor.isAuthorized
FNDA:257,SingleVoteGovernor.isAuthorized
DA:154,257
FN:160,SingleVoteGovernor.getReceipt
FNDA:43399,SingleVoteGovernor.getReceipt
DA:165,43399
DA:167,43399
FN:173,SingleVoteGovernor.setThreshold
FNDA:4925,SingleVoteGovernor.setThreshold
DA:175,259
BRDA:175,5,0,256
BRDA:175,5,1,3
DA:176,256
DA:182,3
DA:183,3
FN:186,SingleVoteGovernor.setVotingDuration
FNDA:4891,SingleVoteGovernor.setVotingDuration
DA:189,6
BRDA:188,6,0,2
BRDA:188,6,1,4
DA:192,2
DA:195,4
DA:196,4
FN:202,SingleVoteGovernor.addVoter
FNDA:63213,SingleVoteGovernor.addVoter
DA:203,58465
BRDA:203,7,0,53231
BRDA:203,7,1,58465
DA:204,53231
DA:206,53231
DA:208,53231
FN:212,SingleVoteGovernor.removeVoter
FNDA:14860,SingleVoteGovernor.removeVoter
DA:214,10005
BRDA:214,8,0,1
BRDA:214,8,1,10004
DA:215,1
DA:219,10004
BRDA:219,9,0,1
BRDA:219,9,1,10003
DA:220,1
DA:223,10003
BRDA:223,10,0,5003
BRDA:223,10,1,10003
DA:224,5003
DA:226,5003
DA:228,5003
FN:235,SingleVoteGovernor.createMotion
FNDA:59984,SingleVoteGovernor.createMotion
DA:241,55251
DA:245,55251
DA:248,55251
DA:249,55251
DA:251,55251
DA:252,55251
DA:253,55251
DA:255,55251
DA:259,55251
DA:262,55251
FN:265,SingleVoteGovernor.castVote
FNDA:256813,SingleVoteGovernor.castVote
DA:270,241872
BRDA:270,11,0,256
BRDA:270,11,1,241616
DA:271,256
DA:275,241616
BRDA:275,12,0,41244
BRDA:275,12,1,200372
DA:276,41244
DA:280,200372
DA:283,200372
BRDA:283,13,0,16584
BRDA:283,13,1,183788
DA:284,16584
DA:288,183788
BRDA:288,14,0,14403
BRDA:288,14,1,169385
DA:289,14403
DA:292,169385
BRDA:292,15,0,154016
BRDA:292,15,1,15369
DA:294,154016
DA:296,15369
BRDA:296,16,0,9986
BRDA:296,16,1,5383
DA:298,9986
DA:300,5383
BRDA:300,17,0,5383
BRDA:300,17,1,5383
DA:302,5383
DA:306,169385
FN:309,SingleVoteGovernor.executeMotion
FNDA:48261,SingleVoteGovernor.executeMotion
DA:311,48261
DA:314,48261
BRDA:314,18,0,256
BRDA:314,18,1,48005
DA:315,256
DA:319,48005
BRDA:319,19,0,2
BRDA:319,19,1,48003
DA:320,2
DA:324,48003
BRDA:324,20,0,1
BRDA:324,20,1,48002
DA:325,1
DA:329,48002
BRDA:329,21,0,1
BRDA:329,21,1,48001
DA:330,1
DA:334,48001
DA:337,48001
DA:338,48001
DA:339,48001
DA:342,48001
DA:343,48001
DA:345,48001
FNF:10
FNH:10
LF:91
LH:89
BRF:44
BRH:42
end_of_record
TN:
SF:src/modules/FundingManager/RebasingFundingManager.sol
FN:59,RebasingFundingManager.init
FNDA:5,RebasingFundingManager.init
DA:64,4
DA:66,4
DA:68,4
DA:69,4
DA:70,4
DA:71,4
DA:73,4
FN:80,RebasingFundingManager.token
FNDA:0,RebasingFundingManager.token
DA:81,80776
FN:85,RebasingFundingManager._supplyTarget
FNDA:30252,RebasingFundingManager._supplyTarget
DA:91,30252
FN:97,RebasingFundingManager.deposit
FNDA:13149,RebasingFundingManager.deposit
DA:98,13149
FN:101,RebasingFundingManager.depositFor
FNDA:8403,RebasingFundingManager.depositFor
DA:102,8403
FN:105,RebasingFundingManager.withdraw
FNDA:4041,RebasingFundingManager.withdraw
DA:106,4041
FN:109,RebasingFundingManager.withdrawTo
FNDA:3891,RebasingFundingManager.withdrawTo
DA:110,3891
FN:116,RebasingFundingManager.transferProposalToken
FNDA:516,RebasingFundingManager.transferProposalToken
DA:121,259
FN:127,RebasingFundingManager._deposit
FNDA:21552,RebasingFundingManager._deposit
DA:129,21552
BRDA:129,0,0,256
BRDA:129,0,1,21296
DA:130,256
DA:133,21296
BRDA:133,1,0,-
BRDA:133,1,1,21296
DA:134,0
DA:137,21296
DA:139,21296
DA:141,21296
FN:144,RebasingFundingManager._withdraw
FNDA:7932,RebasingFundingManager._withdraw
DA:145,7932
DA:147,7932
DA:149,7932
FN:152,RebasingFundingManager._transferProposalToken
FNDA:259,RebasingFundingManager._transferProposalToken
DA:153,259
DA:155,259
FNF:11
FNH:10
LF:26
LH:25
BRF:4
BRH:3
end_of_record
TN:
SF:src/modules/FundingManager/token/ElasticReceiptTokenBase.sol
FN:201,ElasticReceiptTokenBase.transfer
FNDA:492,ElasticReceiptTokenBase.transfer
DA:209,492
DA:211,492
DA:213,256
FN:217,ElasticReceiptTokenBase.transferFrom
FNDA:1258,ElasticReceiptTokenBase.transferFrom
DA:226,1258
DA:228,1258
DA:229,746
DA:231,512
FN:235,ElasticReceiptTokenBase.transferAll
FNDA:256,ElasticReceiptTokenBase.transferAll
DA:242,256
DA:243,256
DA:245,256
DA:247,256
FN:251,ElasticReceiptTokenBase.transferAllFrom
FNDA:768,ElasticReceiptTokenBase.transferAllFrom
DA:259,768
DA:260,768
DA:263,768
BRDA:263,0,0,512
BRDA:263,0,1,256
DA:267,512
DA:269,256
DA:272,512
DA:274,512
FN:278,ElasticReceiptTokenBase.approve
FNDA:2026,ElasticReceiptTokenBase.approve
DA:284,2026
DA:286,2026
DA:287,2026
FN:295,ElasticReceiptTokenBase.increaseAllowance
FNDA:512,ElasticReceiptTokenBase.increaseAllowance
DA:299,512
DA:301,512
DA:304,512
FN:312,ElasticReceiptTokenBase.decreaseAllowance
FNDA:256,ElasticReceiptTokenBase.decreaseAllowance
DA:316,256
BRDA:316,1,0,256
BRDA:316,1,1,-
DA:317,256
DA:319,0
DA:322,256
DA:325,256
FN:332,ElasticReceiptTokenBase.rebase
FNDA:1304,ElasticReceiptTokenBase.rebase
DA:334,0
FN:341,ElasticReceiptTokenBase.permit
FNDA:1,ElasticReceiptTokenBase.permit
DA:350,1
BRDA:350,2,0,-
BRDA:350,2,1,1
DA:355,1
DA:377,1
BRDA:377,3,0,-
BRDA:377,3,1,1
DA:379,1
DA:382,1
FN:389,ElasticReceiptTokenBase.allowance
FNDA:1281,ElasticReceiptTokenBase.allowance
DA:394,1281
FN:398,ElasticReceiptTokenBase.totalSupply
FNDA:780,ElasticReceiptTokenBase.totalSupply
DA:399,780
FN:403,ElasticReceiptTokenBase.balanceOf
FNDA:61674,ElasticReceiptTokenBase.balanceOf
DA:404,61674
FN:408,ElasticReceiptTokenBase.scaledTotalSupply
FNDA:2,ElasticReceiptTokenBase.scaledTotalSupply
DA:409,2
FN:413,ElasticReceiptTokenBase.scaledBalanceOf
FNDA:257,ElasticReceiptTokenBase.scaledBalanceOf
DA:414,257
FN:420,ElasticReceiptTokenBase.nonces
FNDA:1,ElasticReceiptTokenBase.nonces
DA:421,1
FN:426,ElasticReceiptTokenBase.DOMAIN_SEPARATOR
FNDA:1,ElasticReceiptTokenBase.DOMAIN_SEPARATOR
DA:427,2
FN:442,ElasticReceiptTokenBase._tokensToBits
FNDA:34342,ElasticReceiptTokenBase._tokensToBits
DA:443,34342
FN:449,ElasticReceiptTokenBase._bitsToTokens
FNDA:9118,ElasticReceiptTokenBase._bitsToTokens
DA:450,9118
FN:459,ElasticReceiptTokenBase._mint
FNDA:24890,ElasticReceiptTokenBase._mint
DA:466,24848
BRDA:466,4,0,350
BRDA:466,4,1,24498
DA:467,350
DA:471,24498
DA:472,24498
DA:478,24498
DA:479,24498
BRDA:479,5,0,3967
BRDA:479,5,1,24498
DA:480,3967
DA:484,24498
DA:485,24498
DA:488,24498
FN:498,ElasticReceiptTokenBase._burn
FNDA:8094,ElasticReceiptTokenBase._burn
DA:506,8094
DA:507,8094
DA:510,8094
DA:511,8094
DA:516,8094
DA:517,8094
DA:520,7932
DA:521,7932
DA:524,7932
FN:533,ElasticReceiptTokenBase._rebase
FNDA:37020,ElasticReceiptTokenBase._rebase
DA:534,37020
DA:538,37020
BRDA:538,6,0,4319
BRDA:538,6,1,32701
DA:539,4319
DA:543,32701
DA:544,32701
DA:547,32701
DA:548,32701
FN:553,ElasticReceiptTokenBase._activeBits
FNDA:65295,ElasticReceiptTokenBase._activeBits
DA:554,65295
FN:559,ElasticReceiptTokenBase._transfer
FNDA:34598,ElasticReceiptTokenBase._transfer
DA:562,34598
DA:563,34128
DA:565,34128
BRDA:565,7,0,2706
BRDA:565,7,1,34128
DA:566,2706
DA:569,34128
FN:574,ElasticReceiptTokenBase._useAllowance
FNDA:2026,ElasticReceiptTokenBase._useAllowance
DA:578,2026
BRDA:578,8,0,1770
BRDA:578,8,1,1258
DA:579,1770
FNF:24
FNH:24
LF:78
LH:76
BRF:18
BRH:15
end_of_record
TN:
SF:src/modules/FundingManager/token/ElasticReceiptTokenUpgradeable.sol
FN:13,ElasticReceiptTokenUpgradeable.__ElasticReceiptToken_init
FNDA:265,ElasticReceiptTokenUpgradeable.__ElasticReceiptToken_init
DA:18,265
BRDA:18,0,0,256
BRDA:18,0,1,9
DA:21,9
DA:22,9
DA:23,9
DA:29,9
FNF:1
FNH:1
LF:5
LH:5
BRF:2
BRH:2
end_of_record
TN:
SF:src/modules/LogicModule/MilestoneManager.sol
FN:196,MilestoneManager.init
FNDA:4,MilestoneManager.init
DA:201,3
DA:204,3
DA:208,3
DA:209,3
DA:211,3
DA:214,3
BRDA:214,0,0,-
BRDA:214,0,1,3
DA:215,0
FN:223,MilestoneManager.getMilestoneInformation
FNDA:3208,MilestoneManager.getMilestoneInformation
DA:229,7306
FN:233,MilestoneManager.listMilestoneIds
FNDA:6947,MilestoneManager.listMilestoneIds
DA:234,6947
FN:238,MilestoneManager.getActiveMilestoneId
FNDA:514,MilestoneManager.getActiveMilestoneId
DA:239,514
BRDA:239,1,0,1
BRDA:239,1,1,513
DA:240,1
DA:243,513
FN:247,MilestoneManager.hasActiveMilestone
FNDA:515,MilestoneManager.hasActiveMilestone
DA:248,1029
BRDA:248,2,0,3
BRDA:248,2,1,1026
DA:249,3
DA:252,1026
DA:256,1026
DA:257,1026
FN:262,MilestoneManager.isNextMilestoneActivatable
FNDA:771,MilestoneManager.isNextMilestoneActivatable
DA:264,11907
DA:265,11907
BRDA:265,3,0,259
BRDA:265,3,1,11648
DA:266,259
DA:270,11648
BRDA:269,4,0,512
BRDA:269,4,1,11136
DA:273,512
DA:277,11136
BRDA:277,5,0,-
BRDA:277,5,1,11136
DA:278,0
DA:282,11136
BRDA:282,6,0,8196
BRDA:282,6,1,2940
DA:283,8196
DA:286,2940
DA:290,2940
FN:294,MilestoneManager.isExistingMilestoneId
FNDA:1,MilestoneManager.isExistingMilestoneId
DA:295,46012
FN:299,MilestoneManager.getPreviousMilestoneId
FNDA:768,MilestoneManager.getPreviousMilestoneId
DA:304,768
FN:308,MilestoneManager.isContributor
FNDA:2,MilestoneManager.isContributor
DA:313,4355
DA:316,4099
DA:317,4099
DA:318,9589
BRDA:318,7,0,3843
BRDA:318,7,1,5746
DA:319,3843
DA:322,256
FN:326,MilestoneManager.getSalaryPrecision
FNDA:1,MilestoneManager.getSalaryPrecision
DA:327,1
FN:330,MilestoneManager.getFeePct
FNDA:0,MilestoneManager.getFeePct
DA:331,0
FN:335,MilestoneManager.getMaximumContributors
FNDA:1,MilestoneManager.getMaximumContributors
DA:336,1
FN:339,MilestoneManager.getMilestoneUpdateTimelock
FNDA:1,MilestoneManager.getMilestoneUpdateTimelock
DA:340,1
FN:347,MilestoneManager.addMilestone
FNDA:29510,MilestoneManager.addMilestone
DA:353,29254
DA:355,29246
FN:359,MilestoneManager.stopMilestone
FNDA:1025,MilestoneManager.stopMilestone
DA:364,769
DA:369,769
BRDA:368,8,0,1
BRDA:368,8,1,768
DA:372,1
DA:376,768
DA:379,768
DA:382,768
DA:386,768
FN:390,MilestoneManager.removeMilestone
FNDA:5667,MilestoneManager.removeMilestone
DA:395,5410
DA:399,5410
BRDA:399,9,0,256
BRDA:399,9,1,5154
DA:400,256
DA:404,5154
DA:407,5154
DA:409,5154
FN:413,MilestoneManager.startNextMilestone
FNDA:11392,MilestoneManager.startNextMilestone
DA:414,11136
BRDA:414,10,0,257
BRDA:414,10,1,10879
DA:415,257
DA:419,10879
DA:420,10879
DA:423,10879
DA:426,10879
DA:428,10879
DA:430,10879
BRDA:430,11,0,-
BRDA:430,11,1,189066
DA:432,10879
DA:434,10879
DA:436,10879
DA:437,10623
DA:440,10623
DA:441,10623
BRDA:441,12,0,-
BRDA:441,12,1,154
DA:443,154
DA:444,154
DA:447,154
DA:453,10623
BRDA:453,13,0,-
BRDA:453,13,1,189066
DA:455,10469
DA:456,10469
DA:457,10469
DA:458,10469
DA:460,189066
DA:461,189066
DA:462,189066
DA:465,189066
DA:466,189066
DA:469,10469
DA:473,10623
DA:477,10623
FN:481,MilestoneManager.updateMilestone
FNDA:2050,MilestoneManager.updateMilestone
DA:488,1793
DA:490,1792
DA:493,1792
BRDA:493,14,0,256
BRDA:493,14,1,1536
DA:494,256
DA:497,1536
DA:499,1536
BRDA:499,15,0,512
BRDA:499,15,1,1536
DA:500,512
DA:501,512
DA:504,1536
BRDA:504,16,0,512
BRDA:504,16,1,1536
DA:505,512
DA:506,512
DA:510,1536
BRDA:509,17,0,256
BRDA:509,17,1,1536
DA:513,256
DA:514,256
DA:517,1536
BRDA:517,18,0,-
BRDA:517,18,1,12218
DA:519,512
DA:520,512
DA:521,512
DA:522,12218
DA:524,512
DA:527,1536
BRDA:527,19,0,1536
BRDA:527,19,1,1536
DA:528,1536
DA:529,1536
FN:534,MilestoneManager.moveMilestoneInList
FNDA:768,MilestoneManager.moveMilestoneInList
DA:539,256
FN:543,MilestoneManager.submitMilestone
FNDA:4353,MilestoneManager.submitMilestone
DA:549,3585
DA:552,3585
BRDA:552,20,0,512
BRDA:552,20,1,3073
DA:553,512
DA:556,3073
BRDA:556,21,0,2817
BRDA:556,21,1,3073
DA:557,2817
DA:558,2817
FN:563,MilestoneManager.completeMilestone
FNDA:1793,MilestoneManager.completeMilestone
DA:568,1281
DA:571,1281
BRDA:571,22,0,256
BRDA:571,22,1,1025
DA:572,256
DA:575,1025
BRDA:575,23,0,1025
BRDA:575,23,1,1025
DA:576,1025
DA:577,1025
FN:582,MilestoneManager.declineMilestone
FNDA:1280,MilestoneManager.declineMilestone
DA:587,768
DA:590,768
BRDA:590,24,0,512
BRDA:590,24,1,256
DA:591,512
DA:595,256
DA:596,256
FN:599,MilestoneManager.changeTreasuryAddress
FNDA:0,MilestoneManager.changeTreasuryAddress
DA:600,0
BRDA:600,25,0,-
BRDA:600,25,1,-
DA:601,0
DA:603,0
FN:616,MilestoneManager._addMilestone
FNDA:29246,MilestoneManager._addMilestone
DA:623,29246
DA:626,29246
DA:629,29246
DA:630,29246
DA:632,29246
DA:633,29246
DA:634,279328
DA:637,29246
DA:638,29246
DA:640,29246
DA:644,29246
FN:657,MilestoneManager._validateMilestoneDetails
FNDA:31047,MilestoneManager._validateMilestoneDetails
FN:667,MilestoneManager.hashContributors
FNDA:3072,MilestoneManager.hashContributors
DA:672,3072
DA:674,3072
DA:675,3072
DA:676,3072
DA:678,3072
DA:679,39676
DA:680,39676
DA:681,39676
DA:684,3072
FN:687,MilestoneManager.updateMilestoneUpdateTimelock
FNDA:0,MilestoneManager.updateMilestoneUpdateTimelock
DA:691,0
DA:692,0
FN:698,MilestoneManager._ensureTokenBalance
FNDA:21504,MilestoneManager._ensureTokenBalance
DA:702,21504
DA:704,21504
BRDA:704,26,0,256
BRDA:704,26,1,18307
DA:707,18563
DA:708,18563
DA:717,18563
BRDA:717,27,0,256
BRDA:717,27,1,18307
DA:718,256
FN:723,MilestoneManager._ensureTokenAllowance
FNDA:2,MilestoneManager._ensureTokenAllowance
DA:727,2
DA:728,2
DA:730,2
BRDA:730,28,0,2
BRDA:730,28,1,2
DA:731,2
FN:735,MilestoneManager._isAuthorizedPaymentProcessor
FNDA:2,MilestoneManager._isAuthorizedPaymentProcessor
DA:741,2
FNF:30
FNH:27
LF:162
LH:154
BRF:58
BRH:50
end_of_record
TN:
SF:src/modules/MetadataManager.sol
FN:23,MetadataManager.init
FNDA:3,MetadataManager.init
DA:28,2
DA:30,2
DA:34,2
DA:38,2
DA:40,2
DA:42,2
FN:48,MetadataManager.getManagerMetadata
FNDA:7,MetadataManager.getManagerMetadata
DA:53,7
FN:56,MetadataManager.getProposalMetadata
FNDA:19,MetadataManager.getProposalMetadata
DA:61,19
FN:64,MetadataManager.getTeamMetadata
FNDA:6,MetadataManager.getTeamMetadata
DA:69,6
FN:75,MetadataManager.setManagerMetadata
FNDA:1,MetadataManager.setManagerMetadata
DA:79,1
FN:82,MetadataManager._setManagerMetadata
FNDA:3,MetadataManager._setManagerMetadata
DA:85,3
DA:86,3
FN:93,MetadataManager.setProposalMetadata
FNDA:1,MetadataManager.setProposalMetadata
DA:97,1
FN:100,MetadataManager._setProposalMetadata
FNDA:3,MetadataManager._setProposalMetadata
DA:103,3
DA:104,3
FN:113,MetadataManager.setTeamMetadata
FNDA:1,MetadataManager.setTeamMetadata
DA:117,1
FN:120,MetadataManager._setTeamMetadata
FNDA:3,MetadataManager._setTeamMetadata
DA:121,3
DA:123,3
DA:124,3
DA:125,4
DA:128,3
FNF:10
FNH:10
LF:21
LH:21
BRF:0
BRH:0
end_of_record
TN:
SF:src/modules/PaymentProcessor/SimplePaymentProcessor.sol
FN:52,SimplePaymentProcessor.init
FNDA:5,SimplePaymentProcessor.init
DA:57,4
FN:64,SimplePaymentProcessor.token
FNDA:1,SimplePaymentProcessor.token
DA:65,259
FN:69,SimplePaymentProcessor.processPayments
FNDA:770,SimplePaymentProcessor.processPayments
DA:75,258
DA:76,258
DA:77,258
DA:80,258
DA:83,258
DA:84,258
DA:85,258
DA:86,258
DA:87,260
DA:88,260
DA:90,260
DA:92,260
DA:94,260
FN:104,SimplePaymentProcessor.cancelRunningPayments
FNDA:512,SimplePaymentProcessor.cancelRunningPayments
DA:110,0
FNF:4
FNH:4
LF:16
LH:15
BRF:0
BRH:0
end_of_record
TN:
SF:src/modules/PaymentProcessor/StreamingPaymentProcessor.sol
FN:110,StreamingPaymentProcessor.init
FNDA:1,StreamingPaymentProcessor.init
DA:115,0
FN:120,StreamingPaymentProcessor.claim
FNDA:55557,StreamingPaymentProcessor.claim
DA:121,55557
FN:125,StreamingPaymentProcessor.processPayments
FNDA:3077,StreamingPaymentProcessor.processPayments
DA:131,2565
BRDA:131,0,0,-
BRDA:131,0,1,72753
DA:134,2309
DA:137,2309
DA:138,2309
DA:139,2309
DA:141,2309
BRDA:141,1,0,-
BRDA:141,1,1,2309
DA:142,0
DA:147,2309
DA:148,2309
DA:149,2309
DA:150,2309
DA:151,2309
DA:152,72753
DA:153,72753
DA:154,72753
DA:155,72753
DA:157,72753
DA:161,72753
FN:169,StreamingPaymentProcessor.cancelRunningPayments
FNDA:1024,StreamingPaymentProcessor.cancelRunningPayments
DA:174,512
FN:180,StreamingPaymentProcessor.removePayment
FNDA:0,StreamingPaymentProcessor.removePayment
DA:184,0
FN:192,StreamingPaymentProcessor.start
FNDA:8272,StreamingPaymentProcessor.start
DA:197,1502406
FN:202,StreamingPaymentProcessor.duration
FNDA:8272,StreamingPaymentProcessor.duration
DA:207,1502406
FN:212,StreamingPaymentProcessor.released
FNDA:8272,StreamingPaymentProcessor.released
DA:217,1469170
FN:222,StreamingPaymentProcessor.vestedAmount
FNDA:33236,StreamingPaymentProcessor.vestedAmount
DA:227,1494134
FN:231,StreamingPaymentProcessor.releasable
FNDA:1372828,StreamingPaymentProcessor.releasable
DA:236,1460898
FN:241,StreamingPaymentProcessor.unclaimable
FNDA:4,StreamingPaymentProcessor.unclaimable
DA:246,6
FN:249,StreamingPaymentProcessor.token
FNDA:1,StreamingPaymentProcessor.token
DA:250,90380
FN:256,StreamingPaymentProcessor.findAddressInActivePayments
FNDA:105260,StreamingPaymentProcessor.findAddressInActivePayments
DA:261,105260
DA:263,105260
DA:264,105260
DA:265,2538108
BRDA:265,2,0,32513
BRDA:265,2,1,2505595
DA:266,32513
DA:269,72747
FN:272,StreamingPaymentProcessor._cancelRunningOrders
FNDA:2821,StreamingPaymentProcessor._cancelRunningOrders
DA:275,2821
DA:277,2821
DA:278,2821
DA:279,32513
DA:281,32513
FN:285,StreamingPaymentProcessor._removePayment
FNDA:32513,StreamingPaymentProcessor._removePayment
DA:287,32513
DA:290,32513
DA:292,32513
BRDA:292,3,0,-
BRDA:292,3,1,32513
DA:294,32513
DA:297,32513
DA:299,32513
DA:301,32513
FN:313,StreamingPaymentProcessor._addPayment
FNDA:72753,StreamingPaymentProcessor._addPayment
DA:321,72753
BRDA:320,4,0,6
BRDA:320,4,1,72747
DA:324,6
DA:328,72747
DA:331,72747
DA:332,72747
DA:333,72747
BRDA:333,5,0,72747
BRDA:333,5,1,72747
DA:334,72747
DA:337,72747
FN:343,StreamingPaymentProcessor._claim
FNDA:88070,StreamingPaymentProcessor._claim
DA:344,88070
DA:345,88070
DA:348,88070
BRDA:348,6,0,2
BRDA:348,6,1,88070
DA:349,2
DA:350,2
DA:354,88070
DA:355,88070
DA:363,88070
BRDA:363,7,0,88068
BRDA:363,7,1,2
DA:364,88068
DA:367,2
FN:376,StreamingPaymentProcessor._vestingSchedule
FNDA:1494134,StreamingPaymentProcessor._vestingSchedule
DA:381,1494134
DA:382,1494134
DA:383,1494134
DA:385,1494134
BRDA:385,8,0,-
BRDA:385,8,1,1494134
DA:386,0
DA:387,1494134
BRDA:387,9,0,124525
BRDA:387,9,1,1369609
DA:388,124525
DA:390,1369609
FN:398,StreamingPaymentProcessor.validAddress
FNDA:72753,StreamingPaymentProcessor.validAddress
DA:400,72753
BRDA:399,10,0,4
BRDA:399,10,1,72749
DA:403,4
DA:405,72749
FN:408,StreamingPaymentProcessor.validSalary
FNDA:72749,StreamingPaymentProcessor.validSalary
DA:409,72749
BRDA:409,11,0,1
BRDA:409,11,1,72748
DA:410,1
DA:412,72748
FN:415,StreamingPaymentProcessor.validStart
FNDA:72748,StreamingPaymentProcessor.validStart
DA:416,72748
BRDA:416,12,0,-
BRDA:416,12,1,72748
DA:417,0
DA:419,72748
FN:422,StreamingPaymentProcessor.validDuration
FNDA:72748,StreamingPaymentProcessor.validDuration
DA:423,72748
BRDA:423,13,0,1
BRDA:423,13,1,72747
DA:424,1
DA:426,72747
FNF:22
FNH:21
LF:85
LH:80
BRF:28
BRH:23
end_of_record
TN:
SF:src/modules/base/Module.sol
FN:100,Module.init
FNDA:0,Module.init
DA:105,0
FN:111,Module.__Module_init
FNDA:1307,Module.__Module_init
DA:115,1306
DA:118,1306
BRDA:118,0,0,1
BRDA:118,0,1,1305
DA:119,1
DA:121,1305
DA:124,1305
BRDA:124,1,0,2
BRDA:124,1,1,1303
DA:125,2
DA:127,1303
FN:136,Module.pause
FNDA:258,Module.pause
DA:137,2
FN:141,Module.unpause
FNDA:257,Module.unpause
DA:142,1
FN:149,Module.identifier
FNDA:257,Module.identifier
DA:150,257
FN:154,Module.version
FNDA:1,Module.version
DA:155,1
FN:159,Module.url
FNDA:1,Module.url
DA:160,1
FN:164,Module.title
FNDA:1,Module.title
DA:165,1
FN:169,Module.proposal
FNDA:91154,Module.proposal
DA:170,556053
FN:180,Module._triggerProposalCallback
FNDA:0,Module._triggerProposalCallback
DA:184,0
DA:185,0
DA:186,0
DA:195,0
FNF:10
FNH:8
LF:19
LH:14
BRF:4
BRH:4
end_of_record
TN:
SF:src/modules/base/mixins/PaymentClient.sol
FN:78,PaymentClient._addPaymentOrder
FNDA:73161,PaymentClient._addPaymentOrder
DA:86,73157
DA:89,73157
DA:93,73157
DA:95,73157
FN:103,PaymentClient._addPaymentOrders
FNDA:10471,PaymentClient._addPaymentOrders
DA:108,10471
DA:111,10471
BRDA:111,0,0,1
BRDA:111,0,1,10470
DA:112,1
DA:115,10470
DA:116,10470
DA:117,189069
DA:118,189069
DA:119,189069
DA:122,189069
DA:125,189069
DA:131,189069
DA:135,10470
DA:139,10470
FN:147,PaymentClient._addIdenticalPaymentOrders
FNDA:5,PaymentClient._addIdenticalPaymentOrders
DA:152,3
DA:154,3
DA:155,5
DA:158,3
DA:162,3
DA:166,1
DA:170,1
FN:177,PaymentClient.collectPaymentOrders
FNDA:2824,PaymentClient.collectPaymentOrders
DA:184,2824
BRDA:184,1,0,1
BRDA:184,1,1,2823
DA:185,1
DA:191,2823
DA:196,2823
DA:197,2823
DA:198,2823
DA:199,73013
DA:203,2823
DA:206,2823
DA:209,2823
DA:214,2823
DA:218,2823
FN:222,PaymentClient.paymentOrders
FNDA:4359,PaymentClient.paymentOrders
DA:228,4359
FN:232,PaymentClient.outstandingTokenAmount
FNDA:514,PaymentClient.outstandingTokenAmount
DA:233,514
FN:239,PaymentClient._ensureValidRecipient
FNDA:262235,PaymentClient._ensureValidRecipient
DA:240,262235
BRDA:240,2,0,4
BRDA:240,2,1,262231
DA:241,4
FN:245,PaymentClient._ensureValidAmount
FNDA:262233,PaymentClient._ensureValidAmount
DA:246,262233
BRDA:246,3,0,2
BRDA:246,3,1,262231
DA:247,2
FN:251,PaymentClient._ensureValidDueTo
FNDA:262231,PaymentClient._ensureValidDueTo
DA:252,262231
BRDA:252,4,0,2
BRDA:252,4,1,262229
DA:253,2
FNF:9
FNH:9
LF:44
LH:44
BRF:10
BRH:10
end_of_record
TN:
SF:src/modules/lib/LibMetadata.sol
FN:17,LibMetadata.identifier
FNDA:2324,LibMetadata.identifier
DA:22,2324
FN:32,LibMetadata.isValid
FNDA:1030,LibMetadata.isValid
DA:38,1030
BRDA:38,0,0,1
BRDA:38,0,1,1029
DA:39,1
DA:43,1029
BRDA:43,1,0,1
BRDA:43,1,1,1028
DA:44,1
DA:48,1028
BRDA:48,2,0,-
BRDA:48,2,1,1028
DA:49,0
DA:52,1028
FNF:2
FNH:2
LF:8
LH:7
BRF:6
BRH:5
end_of_record
TN:
SF:src/proposal/Proposal.sol
FN:88,Proposal.init
FNDA:3395,Proposal.init
DA:98,3139
DA:99,3139
DA:102,3139
DA:104,3139
DA:105,3139
DA:107,3139
DA:108,3139
DA:109,3139
DA:112,3139
DA:117,3139
DA:118,3139
DA:119,3139
FN:127,Proposal.__ModuleManager_isAuthorized
FNDA:2,Proposal.__ModuleManager_isAuthorized
DA:133,2
FN:140,Proposal.executeTx
FNDA:1024,Proposal.executeTx
DA:145,512
DA:146,512
DA:147,512
DA:149,512
BRDA:149,0,0,256
BRDA:149,0,1,256
DA:150,256
DA:152,256
FN:160,Proposal.token
FNDA:204315,Proposal.token
DA:161,204315
FN:165,Proposal.receiptToken
FNDA:0,Proposal.receiptToken
DA:166,0
FN:170,Proposal.version
FNDA:1,Proposal.version
DA:171,1
FN:174,Proposal.owner
FNDA:0,Proposal.owner
DA:180,5379
FN:183,Proposal.manager
FNDA:5379,Proposal.manager
DA:184,5379
FNF:8
FNH:6
LF:24
LH:23
BRF:2
BRH:2
end_of_record
TN:
SF:src/proposal/base/ModuleManager.sol
FN:101,ModuleManager.__ModuleManager_init
FNDA:5192,ModuleManager.__ModuleManager_init
DA:105,5191
DA:107,5191
DA:108,5191
DA:111,5191
BRDA:111,0,0,256
BRDA:111,0,1,4935
DA:112,256
DA:115,4935
DA:116,90482
DA:118,90482
FN:122,ModuleManager.__ModuleManager_addModule
FNDA:99899,ModuleManager.__ModuleManager_addModule
DA:127,99895
FN:146,ModuleManager.hasRole
FNDA:1024,ModuleManager.hasRole
DA:151,2560
FN:155,ModuleManager.isModule
FNDA:95658,ModuleManager.isModule
DA:161,323183
FN:165,ModuleManager.listModules
FNDA:1024,ModuleManager.listModules
DA:166,1024
FN:170,ModuleManager.modulesSize
FNDA:0,ModuleManager.modulesSize
DA:171,0
FN:178,ModuleManager.addModule
FNDA:76521,ModuleManager.addModule
DA:185,75750
FN:189,ModuleManager.removeModule
FNDA:28955,ModuleManager.removeModule
DA:194,28443
FN:201,ModuleManager.executeTxFromModule
FNDA:18566,ModuleManager.executeTxFromModule
DA:207,18565
DA:208,18565
DA:210,18565
DA:212,18565
FN:216,ModuleManager.grantRole
FNDA:1280,ModuleManager.grantRole
DA:217,1024
BRDA:217,1,0,1024
BRDA:217,1,1,1024
DA:218,1024
DA:219,1024
FN:224,ModuleManager.revokeRole
FNDA:512,ModuleManager.revokeRole
DA:225,256
BRDA:225,2,0,256
BRDA:225,2,1,256
DA:226,256
DA:227,256
FN:235,ModuleManager.renounceRole
FNDA:256,ModuleManager.renounceRole
DA:236,256
BRDA:236,3,0,256
BRDA:236,3,1,256
DA:237,256
DA:238,256
FN:247,ModuleManager._commitAddModule
FNDA:175645,ModuleManager._commitAddModule
DA:249,175645
DA:250,175645
DA:251,175645
FN:256,ModuleManager._commitRemoveModule
FNDA:28443,ModuleManager._commitRemoveModule
DA:263,28443
DA:265,28443
DA:267,28443
DA:268,28443
DA:269,834353
BRDA:269,4,0,28443
BRDA:269,4,1,805910
DA:270,28443
DA:271,28443
DA:276,28443
DA:278,28443
DA:280,28443
DA:282,28443
FN:285,ModuleManager._ensureValidModule
FNDA:175651,ModuleManager._ensureValidModule
DA:286,175651
BRDA:286,5,0,6
BRDA:286,5,1,175645
DA:287,6
FN:291,ModuleManager._ensureNotModule
FNDA:175908,ModuleManager._ensureNotModule
DA:292,175908
BRDA:292,6,0,257
BRDA:292,6,1,175651
DA:293,257
FNF:16
FNH:15
LF:46
LH:45
BRF:14
BRH:14
end_of_record
TN:
SF:test/e2e/E2eTest.sol
FN:94,E2eTest.setUp
FNDA:0,E2eTest.setUp
DA:96,0
DA:99,0
DA:100,0
DA:101,0
DA:102,0
DA:105,0
DA:106,0
DA:107,0
DA:108,0
DA:109,0
DA:110,0
DA:111,0
DA:112,0
DA:115,0
DA:116,0
DA:119,0
DA:120,0
DA:121,0
DA:122,0
DA:123,0
DA:124,0
DA:127,0
DA:128,0
DA:132,0
DA:136,0
DA:139,0
DA:142,0
FN:147,E2eTest._createNewProposalWithAllModules
FNDA:0,E2eTest._createNewProposalWithAllModules
DA:150,0
DA:151,0
DA:152,0
DA:154,0
DA:155,0
DA:159,0
FNF:2
FNH:0
LF:33
LH:0
BRF:0
BRH:0
end_of_record
TN:
SF:test/modules/FundingManager/token/Test.t.sol
FN:43,ElasticReceiptTokenTest.setUp
FNDA:0,ElasticReceiptTokenTest.setUp
DA:44,0
DA:46,0
DA:53,0
DA:60,0
DA:61,0
FN:75,ElasticReceiptTokenTest.mintToUser
FNDA:0,ElasticReceiptTokenTest.mintToUser
DA:76,0
DA:78,0
DA:80,0
DA:81,0
DA:83,0
FN:86,ElasticReceiptTokenTest.underflows
FNDA:0,ElasticReceiptTokenTest.underflows
DA:88,0
DA:89,0
FNF:3
FNH:0
LF:12
LH:0
BRF:0
BRH:0
end_of_record
TN:
SF:test/modules/FundingManager/token/utils/mocks/ERC20Mock.sol
FN:13,ERC20Mock.mint
FNDA:3607,ERC20Mock.mint
DA:14,3607
FN:17,ERC20Mock.burn
FNDA:267,ERC20Mock.burn
DA:18,267
FNF:2
FNH:2
LF:2
LH:2
BRF:0
BRH:0
end_of_record
TN:
SF:test/modules/FundingManager/token/utils/mocks/ElasticReceiptTokenBaseMock.sol
FN:28,ElasticReceiptTokenBaseMock._supplyTarget
FNDA:6512,ElasticReceiptTokenBaseMock._supplyTarget
DA:34,6512
FN:37,ElasticReceiptTokenBaseMock.mint
FNDA:3338,ElasticReceiptTokenBaseMock.mint
DA:38,3338
DA:39,2946
FN:42,ElasticReceiptTokenBaseMock.burn
FNDA:162,ElasticReceiptTokenBaseMock.burn
DA:43,162
DA:44,0
FNF:3
FNH:3
LF:5
LH:4
BRF:0
BRH:0
end_of_record
TN:
SF:test/modules/FundingManager/token/utils/mocks/ElasticReceiptTokenMock.sol
FN:25,ElasticReceiptTokenMock._supplyTarget
FNDA:0,ElasticReceiptTokenMock._supplyTarget
DA:31,0
FN:34,ElasticReceiptTokenMock.mint
FNDA:0,ElasticReceiptTokenMock.mint
DA:35,0
DA:36,0
FN:39,ElasticReceiptTokenMock.burn
FNDA:0,ElasticReceiptTokenMock.burn
DA:40,0
DA:41,0
FNF:3
FNH:0
LF:5
LH:0
BRF:0
BRH:0
end_of_record
TN:
SF:test/modules/FundingManager/token/utils/mocks/ElasticReceiptTokenUpgradeableMock.sol
FN:18,ElasticReceiptTokenUpgradeableMock.init
FNDA:261,ElasticReceiptTokenUpgradeableMock.init
DA:24,261
DA:26,5
FN:29,ElasticReceiptTokenUpgradeableMock._supplyTarget
FNDA:256,ElasticReceiptTokenUpgradeableMock._supplyTarget
DA:35,256
FN:38,ElasticReceiptTokenUpgradeableMock.mint
FNDA:256,ElasticReceiptTokenUpgradeableMock.mint
DA:39,256
DA:40,256
FN:43,ElasticReceiptTokenUpgradeableMock.burn
FNDA:0,ElasticReceiptTokenUpgradeableMock.burn
DA:44,0
DA:45,0
FNF:4
FNH:3
LF:7
LH:5
BRF:0
BRH:0
end_of_record
TN:
SF:test/modules/ModuleTest.sol
FN:53,ModuleTest._setUpProposal
FNDA:0,ModuleTest._setUpProposal
DA:54,0
DA:55,0
DA:57,0
DA:58,0
DA:60,0
DA:69,0
FN:86,ModuleTest._expectProposalCallbackFailure
FNDA:0,ModuleTest._expectProposalCallbackFailure
DA:87,0
FN:107,ModuleTest._assumeNonEmptyString
FNDA:0,ModuleTest._assumeNonEmptyString
DA:108,0
FN:111,ModuleTest._assumeTimestampNotInPast
FNDA:0,ModuleTest._assumeTimestampNotInPast
DA:112,0
FN:117,ModuleTest._assumeElemNotInSet
FNDA:0,ModuleTest._assumeElemNotInSet
DA:121,0
DA:122,0
FN:126,ModuleTest._assumeElemNotInSet
FNDA:0,ModuleTest._assumeElemNotInSet
DA:127,0
DA:128,0
FN:132,ModuleTest._assumeElemNotInSet
FNDA:0,ModuleTest._assumeElemNotInSet
DA:136,0
DA:137,0
FN:141,ModuleTest._assumeElemNotInSet
FNDA:0,ModuleTest._assumeElemNotInSet
DA:145,0
DA:146,0
FNF:8
FNH:0
LF:17
LH:0
BRF:0
BRH:0
end_of_record
TN:
SF:test/proposal/helper/TypeSanityHelper.sol
FN:16,TypeSanityHelper.assumeElemNotInSet
FNDA:5120,TypeSanityHelper.assumeElemNotInSet
DA:20,5120
DA:21,288700
FN:29,TypeSanityHelper.assumeValidProposalId
FNDA:1280,TypeSanityHelper.assumeValidProposalId
DA:30,1280
FN:41,TypeSanityHelper.assumeValidModules
FNDA:2304,TypeSanityHelper.assumeValidModules
DA:42,2304
DA:43,2304
DA:44,148357
DA:47,148357
DA:50,148357
FN:54,TypeSanityHelper.assumeValidModule
FNDA:2560,TypeSanityHelper.assumeValidModule
DA:55,150917
DA:57,150917
DA:58,452751
FN:62,TypeSanityHelper.createInvalidModules
FNDA:2,TypeSanityHelper.createInvalidModules
DA:63,150919
DA:65,150919
DA:66,150919
DA:68,150919
FN:75,TypeSanityHelper.assumeValidFunders
FNDA:0,TypeSanityHelper.assumeValidFunders
FNF:6
FNH:5
LF:15
LH:15
BRF:0
BRH:0
end_of_record
TN:
SF:test/utils/mocks/ERC20Mock.sol
FN:14,ERC20Mock.mint
FNDA:93323,ERC20Mock.mint
DA:15,93323
FN:18,ERC20Mock.burn
FNDA:1025,ERC20Mock.burn
DA:19,1025
FN:22,ERC20Mock.blockAddress
FNDA:1,ERC20Mock.blockAddress
DA:23,1
FN:26,ERC20Mock.unblockAddress
FNDA:1,ERC20Mock.unblockAddress
DA:27,1
FN:30,ERC20Mock.toggleReturnFalse
FNDA:2,ERC20Mock.toggleReturnFalse
DA:31,2
FN:34,ERC20Mock.isBlockedAddress
FNDA:2,ERC20Mock.isBlockedAddress
DA:35,147000
FN:38,ERC20Mock.transfer
FNDA:37373,ERC20Mock.transfer
DA:39,37373
BRDA:39,0,0,-
BRDA:39,0,1,37373
DA:40,0
DA:42,37373
BRDA:42,1,0,-
BRDA:42,1,1,37373
DA:43,37373
DA:44,37373
DA:45,37117
FN:48,ERC20Mock.transferFrom
FNDA:109626,ERC20Mock.transferFrom
DA:53,109626
BRDA:53,2,0,1
BRDA:53,2,1,109625
DA:54,1
DA:56,109625
BRDA:56,3,0,1
BRDA:56,3,1,109624
DA:57,109624
DA:58,109624
DA:59,109624
DA:60,109624
FNF:8
FNH:8
LF:19
LH:18
BRF:8
BRH:6
end_of_record
TN:
SF:test/utils/mocks/factories/ModuleFactoryMock.sol
FN:20,ModuleFactoryMock.createModule
FNDA:7287,ModuleFactoryMock.createModule
DA:24,7287
FN:27,ModuleFactoryMock.getBeaconAndId
FNDA:0,ModuleFactoryMock.getBeaconAndId
DA:32,0
FN:35,ModuleFactoryMock.registerMetadata
FNDA:0,ModuleFactoryMock.registerMetadata
FNF:3
FNH:1
LF:2
LH:1
BRF:0
BRH:0
end_of_record
TN:
SF:test/utils/mocks/factories/beacon/BeaconMock.sol
FN:9,BeaconMock.overrideImplementation
FNDA:1539,BeaconMock.overrideImplementation
DA:10,1539
FNF:1
FNH:1
LF:1
LH:1
BRF:0
BRH:0
end_of_record
TN:
SF:test/utils/mocks/factories/beacon/ModuleImplementationV1Mock.sol
FN:8,ModuleImplementationV1Mock.initialize
FNDA:256,ModuleImplementationV1Mock.initialize
DA:9,256
FN:12,ModuleImplementationV1Mock.getVersion
FNDA:768,ModuleImplementationV1Mock.getVersion
DA:13,768
FNF:2
FNH:2
LF:2
LH:2
BRF:0
BRH:0
end_of_record
TN:
SF:test/utils/mocks/factories/beacon/ModuleImplementationV2Mock.sol
FN:10,ModuleImplementationV2Mock.initialize
FNDA:0,ModuleImplementationV2Mock.initialize
DA:11,0
FN:14,ModuleImplementationV2Mock.getVersion
FNDA:0,ModuleImplementationV2Mock.getVersion
DA:15,0
FNF:2
FNH:0
LF:2
LH:0
BRF:0
BRH:0
end_of_record
TN:
SF:test/utils/mocks/modules/AuthorizerMock.sol
FN:13,AuthorizerMock.setIsAuthorized
FNDA:2560,AuthorizerMock.setIsAuthorized
DA:14,2560
FN:17,AuthorizerMock.setAllAuthorized
FNDA:512,AuthorizerMock.setAllAuthorized
DA:18,512
FN:24,AuthorizerMock.init
FNDA:2,AuthorizerMock.init
DA:29,2
DA:32,2
DA:33,2
BRDA:33,0,0,-
BRDA:33,0,1,2
DA:35,2
FN:41,AuthorizerMock.isAuthorized
FNDA:54771,AuthorizerMock.isAuthorized
DA:42,54771
FNF:4
FNH:4
LF:7
LH:7
BRF:2
BRH:1
end_of_record
TN:
SF:test/utils/mocks/modules/FundingManagerMock.sol
FN:19,FundingManagerMock.init
FNDA:0,FundingManagerMock.init
DA:24,0
FN:27,FundingManagerMock.setToken
FNDA:0,FundingManagerMock.setToken
DA:28,0
FN:31,FundingManagerMock.token
FNDA:0,FundingManagerMock.token
DA:32,0
FN:35,FundingManagerMock.deposit
FNDA:0,FundingManagerMock.deposit
DA:36,0
FN:39,FundingManagerMock.depositFor
FNDA:0,FundingManagerMock.depositFor
DA:40,0
FN:43,FundingManagerMock.withdraw
FNDA:0,FundingManagerMock.withdraw
DA:44,0
FN:47,FundingManagerMock.withdrawTo
FNDA:0,FundingManagerMock.withdrawTo
DA:48,0
FN:51,FundingManagerMock.transferProposalToken
FNDA:18559,FundingManagerMock.transferProposalToken
DA:52,18559
FNF:8
FNH:1
LF:8
LH:1
BRF:0
BRH:0
end_of_record
TN:
SF:test/utils/mocks/modules/PaymentProcessorMock.sol
FN:14,PaymentProcessorMock.processPayments
FNDA:10621,PaymentProcessorMock.processPayments
FN:16,PaymentProcessorMock.cancelRunningPayments
FNDA:768,PaymentProcessorMock.cancelRunningPayments
FN:18,PaymentProcessorMock.token
FNDA:0,PaymentProcessorMock.token
DA:19,0
FNF:3
FNH:2
LF:1
LH:0
BRF:0
BRH:0
end_of_record
TN:
SF:test/utils/mocks/modules/base/ModuleMock.sol
FN:7,ModuleMock.init
FNDA:516,ModuleMock.init
DA:13,515
FN:17,ModuleMock.initNoInitializer
FNDA:1,ModuleMock.initNoInitializer
DA:22,1
FNF:2
FNH:2
LF:2
LH:2
BRF:0
BRH:0
end_of_record
TN:
SF:test/utils/mocks/modules/mixins/PaymentClientMock.sol
FN:29,PaymentClientMock.setIsAuthorized
FNDA:1,PaymentClientMock.setIsAuthorized
DA:30,1
FN:36,PaymentClientMock.addPaymentOrder
FNDA:73007,PaymentClientMock.addPaymentOrder
DA:39,73007
FN:43,PaymentClientMock.addPaymentOrderUnchecked
FNDA:6,PaymentClientMock.addPaymentOrderUnchecked
DA:49,6
DA:52,6
DA:56,6
DA:58,6
FN:61,PaymentClientMock.addPaymentOrders
FNDA:2,PaymentClientMock.addPaymentOrders
DA:66,2
FN:69,PaymentClientMock.addIdenticalPaymentOrders
FNDA:5,PaymentClientMock.addIdenticalPaymentOrders
DA:74,5
FN:80,PaymentClientMock._ensureTokenBalance
FNDA:75832,PaymentClientMock._ensureTokenBalance
DA:84,75832
BRDA:84,0,0,67857
BRDA:84,0,1,75832
DA:85,75832
DA:87,67857
DA:88,67857
FN:92,PaymentClientMock._ensureTokenAllowance
FNDA:2821,PaymentClientMock._ensureTokenAllowance
DA:96,2821
FN:99,PaymentClientMock._isAuthorizedPaymentProcessor
FNDA:2822,PaymentClientMock._isAuthorizedPaymentProcessor
DA:105,2822
FNF:8
FNH:8
LF:14
LH:14
BRF:2
BRH:2
end_of_record
TN:
SF:test/utils/mocks/proposal/base/ModuleManagerMock.sol
FN:14,ModuleManagerMock.__ModuleManager_setIsAuthorized
FNDA:768,ModuleManagerMock.__ModuleManager_setIsAuthorized
DA:15,768
FN:18,ModuleManagerMock.__ModuleManager_setAllAuthorized
FNDA:0,ModuleManagerMock.__ModuleManager_setAllAuthorized
DA:19,0
FN:22,ModuleManagerMock.init
FNDA:2053,ModuleManagerMock.init
DA:23,2052
FN:27,ModuleManagerMock.initNoInitializer
FNDA:1,ModuleManagerMock.initNoInitializer
DA:28,1
FN:31,ModuleManagerMock.__ModuleManager_isAuthorized
FNDA:105474,ModuleManagerMock.__ModuleManager_isAuthorized
DA:37,105474
FNF:5
FNH:4
LF:5
LH:4
BRF:0
BRH:0
end_of_record
