TN:
SF:script/deployment/DeploymentScript.s.sol
FN:85,DeploymentScript.run
FNDA:0,DeploymentScript.run
DA:87,0
DA:88,0
DA:89,0
DA:90,0
DA:92,0
DA:93,0
DA:96,0
DA:99,0
DA:102,0
DA:105,0
DA:108,0
DA:112,0
FNF:1
FNH:0
LF:12
LH:0
BRF:0
BRH:0
end_of_record
TN:
SF:script/factories/DeployModuleFactory.s.sol
FN:24,DeployModuleFactory.run
FNDA:0,DeployModuleFactory.run
DA:25,0
DA:28,0
DA:31,0
DA:34,0
DA:38,0
FNF:1
FNH:0
LF:5
LH:0
BRF:0
BRH:0
end_of_record
TN:
SF:script/factories/DeployOrchestratorFactory.s.sol
FN:27,DeployOrchestratorFactory.run
FNDA:0,DeployOrchestratorFactory.run
DA:29,0
DA:30,0
DA:31,0
DA:34,0
BRDA:34,0,0,-
BRDA:34,0,1,-
DA:38,0
BRDA:38,1,0,-
BRDA:38,1,1,-
DA:44,0
FN:47,DeployOrchestratorFactory.run
FNDA:0,DeployOrchestratorFactory.run
DA:51,0
DA:54,0
DA:57,0
DA:60,0
DA:65,0
FNF:2
FNH:0
LF:11
LH:0
BRF:4
BRH:0
end_of_record
TN:
SF:script/modules/DeployBountyManager.s.sol
FN:24,DeployBountyManager.run
FNDA:0,DeployBountyManager.run
DA:25,0
DA:29,0
DA:32,0
DA:35,0
DA:40,0
FNF:1
FNH:0
LF:5
LH:0
BRF:0
BRH:0
end_of_record
TN:
SF:script/modules/DeploySingleVoteGovernor.s.sol
FN:24,DeploySingleVoteGovernor.run
FNDA:0,DeploySingleVoteGovernor.run
DA:25,0
DA:29,0
DA:32,0
DA:35,0
DA:40,0
FNF:1
FNH:0
LF:5
LH:0
BRF:0
BRH:0
end_of_record
TN:
SF:script/modules/fundingManager/DeployBancorVirtualSupplyBondingCurveFundingManager.s.sol
FN:24,DeployBancorVirtualSupplyBondingCurveFundingManager.run
FNDA:0,DeployBancorVirtualSupplyBondingCurveFundingManager.run
DA:25,0
DA:29,0
DA:32,0
DA:34,0
DA:39,0
FNF:1
FNH:0
LF:5
LH:0
BRF:0
BRH:0
end_of_record
TN:
SF:script/modules/fundingManager/DeployRebasingFundingManager.s.sol
FN:24,DeployRebasingFundingManager.run
FNDA:0,DeployRebasingFundingManager.run
DA:25,0
DA:29,0
DA:32,0
DA:34,0
DA:39,0
FNF:1
FNH:0
LF:5
LH:0
BRF:0
BRH:0
end_of_record
TN:
SF:script/modules/governance/DeployRoleAuthorizer.s.sol
FN:24,DeployRoleAuthorizer.run
FNDA:0,DeployRoleAuthorizer.run
DA:25,0
DA:29,0
DA:32,0
DA:35,0
DA:40,0
FNF:1
FNH:0
LF:5
LH:0
BRF:0
BRH:0
end_of_record
TN:
SF:script/modules/governance/DeployTokenGatedRoleAuthorizer.s.sol
FN:25,DeployTokenGatedRoleAuthorizer.run
FNDA:0,DeployTokenGatedRoleAuthorizer.run
DA:26,0
DA:30,0
DA:33,0
DA:36,0
DA:41,0
FNF:1
FNH:0
LF:5
LH:0
BRF:0
BRH:0
end_of_record
TN:
SF:script/modules/paymentProcessor/DeploySimplePaymentProcessor.s.sol
FN:24,DeploySimplePaymentProcessor.run
FNDA:0,DeploySimplePaymentProcessor.run
DA:25,0
DA:29,0
DA:32,0
DA:35,0
DA:40,0
FNF:1
FNH:0
LF:5
LH:0
BRF:0
BRH:0
end_of_record
TN:
SF:script/modules/paymentProcessor/DeployStreamingPaymentProcessor.s.sol
FN:24,DeployStreamingPaymentProcessor.run
FNDA:0,DeployStreamingPaymentProcessor.run
DA:25,0
DA:29,0
DA:31,0
DA:34,0
DA:39,0
FNF:1
FNH:0
LF:5
LH:0
BRF:0
BRH:0
end_of_record
TN:
SF:script/orchestrator/DeployOrchestrator.s.sol
FN:24,DeployOrchestrator.run
FNDA:0,DeployOrchestrator.run
DA:25,0
DA:29,0
DA:32,0
DA:35,0
DA:40,0
FNF:1
FNH:0
LF:5
LH:0
BRF:0
BRH:0
end_of_record
TN:
SF:script/proxies/DeployAndSetUpBeacon.s.sol
FN:28,DeployAndSetUpBeacon.run
FNDA:0,DeployAndSetUpBeacon.run
DA:33,0
DA:36,0
DA:39,0
DA:42,0
DA:46,0
DA:49,0
DA:50,0
DA:52,0
FNF:1
FNH:0
LF:8
LH:0
BRF:0
BRH:0
end_of_record
TN:
SF:script/proxies/DeployBeacon.s.sol
FN:24,DeployBeacon.run
FNDA:0,DeployBeacon.run
DA:25,0
DA:29,0
DA:32,0
DA:35,0
DA:37,0
FNF:1
FNH:0
LF:5
LH:0
BRF:0
BRH:0
end_of_record
TN:
SF:script/setup/SetupToyOrchestratorScript.s.sol
FN:51,SetupToyOrchestratorScript.run
FNDA:0,SetupToyOrchestratorScript.run
DA:56,0
DA:58,0
DA:60,0
DA:64,0
DA:73,0
DA:74,0
DA:80,0
DA:81,0
DA:88,0
DA:89,0
DA:96,0
DA:97,0
DA:104,0
DA:105,0
DA:112,0
DA:113,0
DA:114,0
DA:119,0
DA:121,0
DA:130,0
DA:134,0
BRDA:134,0,0,-
BRDA:134,0,1,-
DA:136,0
DA:137,0
DA:138,0
DA:145,0
DA:146,0
DA:147,0
DA:148,0
DA:150,0
DA:151,0
DA:160,0
DA:161,0
DA:163,0
DA:168,0
DA:172,0
DA:177,0
DA:178,0
DA:181,0
DA:186,0
DA:190,0
DA:194,0
DA:199,0
DA:203,0
DA:217,0
DA:218,0
DA:220,0
DA:222,0
DA:227,0
DA:232,0
DA:236,0
DA:237,0
DA:240,0
DA:242,0
DA:243,0
DA:247,0
DA:249,0
DA:250,0
DA:255,0
DA:258,0
DA:264,0
DA:269,0
DA:274,0
DA:276,0
DA:282,0
DA:284,0
DA:286,0
DA:289,0
DA:291,0
FNF:1
FNH:0
LF:68
LH:0
BRF:2
BRH:0
end_of_record
TN:
SF:script/utils/addBountyManagerClaim.s.sol
FN:27,addClaim.run
FNDA:0,addClaim.run
DA:28,0
DA:29,0
DA:30,0
DA:34,0
DA:39,0
DA:41,0
DA:45,0
DA:47,0
DA:50,0
DA:51,0
FNF:1
FNH:0
LF:10
LH:0
BRF:0
BRH:0
end_of_record
TN:
SF:script/utils/deployTokenAuthorizerAndSwitch.s.sol
FN:56,deployAndSwitchTokenAuthorizer.run
FNDA:0,deployAndSwitchTokenAuthorizer.run
DA:68,0
DA:69,0
DA:75,0
DA:78,0
DA:83,0
DA:84,0
DA:86,0
DA:91,0
DA:94,0
DA:99,0
DA:102,0
DA:105,0
DA:110,0
DA:111,0
DA:112,0
DA:114,0
DA:115,0
DA:116,0
DA:118,0
DA:119,0
DA:120,0
DA:122,0
FNF:1
FNH:0
LF:22
LH:0
BRF:0
BRH:0
end_of_record
TN:
SF:script/utils/setTokenGatedRole.s.sol
FN:33,deployAndSwitchTokenAuthorizer.run
FNDA:0,deployAndSwitchTokenAuthorizer.run
DA:38,0
DA:39,0
DA:42,0
DA:43,0
DA:44,0
DA:47,0
DA:48,0
DA:56,0
DA:57,0
DA:63,0
DA:66,0
DA:75,0
DA:80,0
DA:82,0
DA:84,0
DA:88,0
DA:90,0
DA:93,0
FNF:1
FNH:0
LF:18
LH:0
BRF:0
BRH:0
end_of_record
TN:
SF:src/common/LinkedIdList.sol
FN:112,LinkedIdList.init
FNDA:0,LinkedIdList.init
DA:114,0
DA:115,0
FN:121,LinkedIdList.length
FNDA:0,LinkedIdList.length
DA:122,0
FN:126,LinkedIdList.lastId
FNDA:0,LinkedIdList.lastId
DA:127,0
FN:134,LinkedIdList.listIds
FNDA:0,LinkedIdList.listIds
DA:135,0
DA:138,0
DA:139,0
DA:140,0
DA:141,0
DA:142,0
DA:143,0
DA:146,0
FN:149,LinkedIdList.isExistingId
FNDA:0,LinkedIdList.isExistingId
DA:155,0
FN:159,LinkedIdList.getPreviousId
FNDA:0,LinkedIdList.getPreviousId
DA:165,0
BRDA:165,0,0,-
BRDA:165,0,1,-
DA:166,0
DA:168,0
DA:170,0
DA:171,0
DA:172,0
BRDA:172,1,0,-
BRDA:172,1,1,-
DA:173,0
FN:179,LinkedIdList.getNextId
FNDA:0,LinkedIdList.getNextId
DA:185,0
FN:192,LinkedIdList.addId
FNDA:0,LinkedIdList.addId
DA:193,0
DA:194,0
DA:195,0
DA:196,0
FN:199,LinkedIdList.removeId
FNDA:0,LinkedIdList.removeId
DA:205,0
DA:206,0
DA:207,0
DA:211,0
BRDA:211,2,0,-
BRDA:211,2,1,-
DA:212,0
FN:216,LinkedIdList.moveIdInList
FNDA:0,LinkedIdList.moveIdInList
DA:223,0
DA:224,0
DA:229,0
DA:232,0
DA:233,0
DA:236,0
BRDA:236,3,0,-
BRDA:236,3,1,-
DA:238,0
BRDA:238,4,0,-
BRDA:238,4,1,-
DA:239,0
DA:243,0
FNF:10
FNH:0
LF:39
LH:0
BRF:10
BRH:0
end_of_record
TN:
SF:src/factories/ModuleFactory.sol
FN:76,ModuleFactory.createModule
FNDA:2085,ModuleFactory.createModule
DA:84,2085
DA:85,2085
DA:87,2085
BRDA:87,0,0,256
BRDA:87,0,1,1829
DA:88,256
DA:101,1829
BRDA:101,1,0,256
BRDA:101,1,1,1573
DA:103,1573
DA:105,1573
DA:107,1573
DA:111,1573
FN:118,ModuleFactory.getBeaconAndId
FNDA:256,ModuleFactory.getBeaconAndId
DA:123,3368
DA:125,3368
FN:132,ModuleFactory.registerMetadata
FNDA:1286,ModuleFactory.registerMetadata
DA:138,1027
DA:139,1027
DA:140,1027
DA:143,1027
BRDA:143,2,0,1
BRDA:143,2,1,1026
DA:144,1
DA:148,1026
DA:149,1026
FNF:3
FNH:3
LF:18
LH:18
BRF:6
BRH:6
end_of_record
TN:
SF:src/factories/OrchestratorFactory.sol
FN:73,OrchestratorFactory.createOrchestrator
FNDA:13029,OrchestratorFactory.createOrchestrator
DA:80,13029
DA:83,13029
DA:86,13029
DA:93,13029
DA:100,13029
DA:107,13029
DA:108,13029
DA:109,13029
DA:110,12003
DA:117,13029
BRDA:117,0,0,-
BRDA:117,0,1,13029
DA:118,0
DA:122,13029
DA:134,13029
DA:135,12003
BRDA:135,1,0,-
BRDA:135,1,1,4
DA:136,4
DA:143,13029
BRDA:143,2,0,-
BRDA:143,2,1,-
DA:144,0
DA:148,13029
BRDA:148,3,0,-
BRDA:148,3,1,-
DA:149,0
DA:153,13029
BRDA:153,4,0,-
BRDA:153,4,1,-
DA:155,0
DA:160,13029
FN:164,OrchestratorFactory.getOrchestratorByID
FNDA:6318,OrchestratorFactory.getOrchestratorByID
DA:170,6093
FN:173,OrchestratorFactory.getOrchestratorIDCounter
FNDA:256,OrchestratorFactory.getOrchestratorIDCounter
DA:174,256
FN:177,OrchestratorFactory.decoder
FNDA:102180,OrchestratorFactory.decoder
DA:182,102180
FN:185,OrchestratorFactory._dependencyInjectionRequired
FNDA:51090,OrchestratorFactory._dependencyInjectionRequired
DA:190,51090
FNF:5
FNH:5
LF:26
LH:22
BRF:10
BRH:2
end_of_record
TN:
SF:src/factories/beacon/Beacon.sol
FN:40,Beacon.implementation
FNDA:13363,Beacon.implementation
DA:41,13363
FN:51,Beacon.upgradeTo
FNDA:260,Beacon.upgradeTo
DA:52,4
DA:53,3
FN:59,Beacon._setImplementation
FNDA:4,Beacon._setImplementation
DA:60,4
BRDA:60,0,0,1
BRDA:60,0,1,3
DA:61,1
DA:64,3
FN:71,Beacon.supportsInterface
FNDA:1,Beacon.supportsInterface
DA:78,1
DA:79,0
FNF:4
FNH:4
LF:8
LH:7
BRF:2
BRH:2
end_of_record
TN:
SF:src/factories/beacon/BeaconProxy.sol
FN:41,BeaconProxy._implementation
FNDA:14602,BeaconProxy._implementation
DA:42,14602
FNF:1
FNH:1
LF:1
LH:1
BRF:0
BRH:0
end_of_record
TN:
SF:src/modules/authorizer/RoleAuthorizer.sol
FN:57,RoleAuthorizer.init
FNDA:522,RoleAuthorizer.init
DA:62,520
DA:64,520
DA:65,520
DA:67,520
FN:70,RoleAuthorizer.__RoleAuthorizer_init
FNDA:520,RoleAuthorizer.__RoleAuthorizer_init
DA:79,520
DA:84,520
DA:86,520
DA:90,520
DA:92,520
DA:96,520
BRDA:96,0,0,518
BRDA:96,0,1,520
DA:97,518
DA:98,518
FN:108,RoleAuthorizer._revokeRole
FNDA:5464,RoleAuthorizer._revokeRole
DA:114,5462
FN:121,RoleAuthorizer.hasModuleRole
FNDA:28655,RoleAuthorizer.hasModuleRole
DA:128,28655
DA:129,28655
FN:133,RoleAuthorizer.generateRoleId
FNDA:595,RoleAuthorizer.generateRoleId
DA:139,30879
FN:143,RoleAuthorizer.grantRoleFromModule
FNDA:20,RoleAuthorizer.grantRoleFromModule
DA:147,14
DA:148,14
FN:152,RoleAuthorizer.revokeRoleFromModule
FNDA:9,RoleAuthorizer.revokeRoleFromModule
DA:156,7
DA:157,7
FN:161,RoleAuthorizer.transferAdminRole
FNDA:4,RoleAuthorizer.transferAdminRole
DA:165,2
FN:169,RoleAuthorizer.burnAdminFromModuleRole
FNDA:24,RoleAuthorizer.burnAdminFromModuleRole
DA:173,24
DA:174,24
FN:178,RoleAuthorizer.grantGlobalRole
FNDA:8,RoleAuthorizer.grantGlobalRole
DA:182,6
DA:183,6
FN:187,RoleAuthorizer.revokeGlobalRole
FNDA:4,RoleAuthorizer.revokeGlobalRole
DA:191,2
DA:192,2
FN:196,RoleAuthorizer.getOwnerRole
FNDA:12004,RoleAuthorizer.getOwnerRole
DA:197,12004
FN:201,RoleAuthorizer.getManagerRole
FNDA:2048,RoleAuthorizer.getManagerRole
DA:202,2048
FNF:13
FNH:13
LF:29
LH:29
BRF:2
BRH:2
end_of_record
TN:
SF:src/modules/authorizer/TokenGatedRoleAuthorizer.sol
FN:68,TokenGatedRoleAuthorizer.hasRole
FNDA:15741,TokenGatedRoleAuthorizer.hasRole
DA:75,71171
BRDA:75,0,0,29178
BRDA:75,0,1,41993
DA:76,29178
DA:78,41993
FN:86,TokenGatedRoleAuthorizer._grantRole
FNDA:8601,TokenGatedRoleAuthorizer._grantRole
DA:91,8601
BRDA:91,1,0,-
BRDA:91,1,1,523
DA:92,523
DA:98,8601
FN:105,TokenGatedRoleAuthorizer.hasTokenRole
FNDA:28655,TokenGatedRoleAuthorizer.hasTokenRole
DA:111,28655
FN:115,TokenGatedRoleAuthorizer.getThresholdValue
FNDA:2,TokenGatedRoleAuthorizer.getThresholdValue
DA:120,2
DA:121,2
FN:128,TokenGatedRoleAuthorizer.makeRoleTokenGatedFromModule
FNDA:525,TokenGatedRoleAuthorizer.makeRoleTokenGatedFromModule
DA:133,524
DA:135,524
DA:136,524
FN:140,TokenGatedRoleAuthorizer.grantTokenRoleFromModule
FNDA:524,TokenGatedRoleAuthorizer.grantTokenRoleFromModule
DA:145,524
DA:146,524
DA:147,524
FN:151,TokenGatedRoleAuthorizer.setThresholdFromModule
FNDA:3,TokenGatedRoleAuthorizer.setThresholdFromModule
DA:155,3
DA:156,3
FN:163,TokenGatedRoleAuthorizer.setTokenGated
FNDA:6,TokenGatedRoleAuthorizer.setTokenGated
DA:168,4
DA:169,4
FN:173,TokenGatedRoleAuthorizer.setThreshold
FNDA:2,TokenGatedRoleAuthorizer.setThreshold
DA:177,2
FN:188,TokenGatedRoleAuthorizer._setThreshold
FNDA:529,TokenGatedRoleAuthorizer._setThreshold
DA:193,523
DA:194,523
DA:195,523
FN:201,TokenGatedRoleAuthorizer._hasTokenRole
FNDA:57833,TokenGatedRoleAuthorizer._hasTokenRole
DA:206,57833
DA:208,57833
DA:209,57310
DA:210,57310
DA:211,57310
DA:214,57310
DA:227,31505
FNF:11
FNH:11
LF:30
LH:30
BRF:4
BRH:3
end_of_record
TN:
SF:src/modules/base/Module.sol
FN:146,Module.init
FNDA:0,Module.init
DA:151,0
FN:157,Module.__Module_init
FNDA:4661,Module.__Module_init
DA:162,4660
BRDA:162,0,0,1
BRDA:162,0,1,4659
DA:163,1
DA:165,4659
DA:168,4659
BRDA:168,1,0,2
BRDA:168,1,1,4657
DA:169,2
DA:171,4657
FN:174,Module.init2
FNDA:32,Module.init2
FN:185,Module.identifier
FNDA:257,Module.identifier
DA:186,257
FN:190,Module.version
FNDA:1,Module.version
DA:191,1
FN:195,Module.url
FNDA:1,Module.url
DA:196,1
FN:200,Module.title
FNDA:11,Module.title
DA:201,11
FN:205,Module.orchestrator
FNDA:71434,Module.orchestrator
DA:206,232106
FN:212,Module.grantModuleRole
FNDA:516,Module.grantModuleRole
DA:216,516
DA:217,516
FN:220,Module.revokeModuleRole
FNDA:256,Module.revokeModuleRole
DA:224,256
DA:225,256
FN:235,Module._triggerOrchestratorCallback
FNDA:0,Module._triggerOrchestratorCallback
DA:239,0
DA:240,0
DA:241,0
DA:250,0
FN:253,Module.decoder
FNDA:40,Module.decoder
DA:258,40
FN:261,Module._dependencyInjectionRequired
FNDA:24,Module._dependencyInjectionRequired
DA:266,24
FNF:13
FNH:11
LF:22
LH:17
BRF:4
BRH:4
end_of_record
TN:
SF:src/modules/fundingManager/RebasingFundingManager.sol
FN:59,RebasingFundingManager.init
FNDA:265,RebasingFundingManager.init
DA:64,264
DA:66,264
DA:68,264
DA:69,264
DA:72,264
DA:74,264
FN:81,RebasingFundingManager.token
FNDA:1,RebasingFundingManager.token
DA:82,77737
FN:86,RebasingFundingManager._supplyTarget
FNDA:28989,RebasingFundingManager._supplyTarget
DA:92,28989
FN:98,RebasingFundingManager.deposit
FNDA:12845,RebasingFundingManager.deposit
DA:99,12845
FN:102,RebasingFundingManager.depositFor
FNDA:8193,RebasingFundingManager.depositFor
DA:103,8193
FN:106,RebasingFundingManager.withdraw
FNDA:3649,RebasingFundingManager.withdraw
DA:107,3649
FN:110,RebasingFundingManager.withdrawTo
FNDA:3534,RebasingFundingManager.withdrawTo
DA:111,3534
FN:117,RebasingFundingManager.transferOrchestratorToken
FNDA:772,RebasingFundingManager.transferOrchestratorToken
DA:122,516
FN:128,RebasingFundingManager._deposit
FNDA:21038,RebasingFundingManager._deposit
DA:130,21038
BRDA:130,0,0,256
BRDA:130,0,1,20782
DA:131,256
DA:134,20782
BRDA:134,1,0,-
BRDA:134,1,1,20782
DA:135,0
DA:138,20782
DA:140,20782
DA:142,20782
FN:145,RebasingFundingManager._withdraw
FNDA:7183,RebasingFundingManager._withdraw
DA:146,7183
DA:148,7183
DA:150,7183
FN:153,RebasingFundingManager._transferOrchestratorToken
FNDA:516,RebasingFundingManager._transferOrchestratorToken
DA:154,516
DA:156,516
FNF:11
FNH:11
LF:25
LH:24
BRF:4
BRH:3
end_of_record
TN:
SF:src/modules/fundingManager/bondingCurveFundingManager/BancorVirtualSupplyBondingCurveFundingManager.sol
FN:88,BancorVirtualSupplyBondingCurveFundingManager.init
FNDA:2,BancorVirtualSupplyBondingCurveFundingManager.init
DA:93,1
DA:95,1
DA:108,1
DA:126,1
DA:131,1
DA:133,1
DA:135,1
DA:137,1
DA:139,1
DA:141,1
DA:143,1
DA:145,1
DA:147,1
BRDA:147,0,0,1
BRDA:147,0,1,1
DA:149,1
BRDA:149,1,0,1
BRDA:149,1,1,1
FN:165,BancorVirtualSupplyBondingCurveFundingManager.buyOrderFor
FNDA:256,BancorVirtualSupplyBondingCurveFundingManager.buyOrderFor
DA:172,256
FN:184,BancorVirtualSupplyBondingCurveFundingManager.buyOrder
FNDA:2306,BancorVirtualSupplyBondingCurveFundingManager.buyOrder
DA:190,2306
FN:202,BancorVirtualSupplyBondingCurveFundingManager.sellOrderFor
FNDA:256,BancorVirtualSupplyBondingCurveFundingManager.sellOrderFor
DA:209,256
FN:220,BancorVirtualSupplyBondingCurveFundingManager.sellOrder
FNDA:1026,BancorVirtualSupplyBondingCurveFundingManager.sellOrder
DA:226,1026
FN:230,BancorVirtualSupplyBondingCurveFundingManager.getReserveRatioForBuying
FNDA:1,BancorVirtualSupplyBondingCurveFundingManager.getReserveRatioForBuying
DA:231,1
FN:235,BancorVirtualSupplyBondingCurveFundingManager.getReserveRatioForSelling
FNDA:1,BancorVirtualSupplyBondingCurveFundingManager.getReserveRatioForSelling
DA:236,1
FN:243,BancorVirtualSupplyBondingCurveFundingManager.token
FNDA:1,BancorVirtualSupplyBondingCurveFundingManager.token
DA:244,3376
FN:251,BancorVirtualSupplyBondingCurveFundingManager.mintIssuanceTokenTo
FNDA:256,BancorVirtualSupplyBondingCurveFundingManager.mintIssuanceTokenTo
DA:256,256
FN:260,BancorVirtualSupplyBondingCurveFundingManager.setVirtualTokenSupply
FNDA:1536,BancorVirtualSupplyBondingCurveFundingManager.setVirtualTokenSupply
DA:265,1536
FN:269,BancorVirtualSupplyBondingCurveFundingManager.setVirtualCollateralSupply
FNDA:1281,BancorVirtualSupplyBondingCurveFundingManager.setVirtualCollateralSupply
DA:274,1281
FN:278,BancorVirtualSupplyBondingCurveFundingManager.setReserveRatioForBuying
FNDA:513,BancorVirtualSupplyBondingCurveFundingManager.setReserveRatioForBuying
DA:282,513
FN:286,BancorVirtualSupplyBondingCurveFundingManager.setReserveRatioForSelling
FNDA:513,BancorVirtualSupplyBondingCurveFundingManager.setReserveRatioForSelling
DA:290,513
FN:301,BancorVirtualSupplyBondingCurveFundingManager._issueTokensFormulaWrapper
FNDA:2562,BancorVirtualSupplyBondingCurveFundingManager._issueTokensFormulaWrapper
DA:308,2562
DA:314,2562
DA:321,2050
FN:331,BancorVirtualSupplyBondingCurveFundingManager._redeemTokensFormulaWrapper
FNDA:1282,BancorVirtualSupplyBondingCurveFundingManager._redeemTokensFormulaWrapper
DA:338,1282
DA:342,1282
DA:350,813
FN:365,BancorVirtualSupplyBondingCurveFundingManager._virtualBuyOrder
FNDA:2562,BancorVirtualSupplyBondingCurveFundingManager._virtualBuyOrder
DA:368,2562
DA:369,2050
DA:370,2050
FN:378,BancorVirtualSupplyBondingCurveFundingManager._virtualSellOrder
FNDA:1282,BancorVirtualSupplyBondingCurveFundingManager._virtualSellOrder
DA:381,1282
DA:382,770
DA:383,770
FN:390,BancorVirtualSupplyBondingCurveFundingManager._setReserveRatioForBuying
FNDA:514,BancorVirtualSupplyBondingCurveFundingManager._setReserveRatioForBuying
DA:391,514
BRDA:391,2,0,1
BRDA:391,2,1,513
DA:392,1
DA:395,513
BRDA:395,3,0,256
BRDA:395,3,1,257
DA:396,256
DA:399,257
DA:400,257
FN:408,BancorVirtualSupplyBondingCurveFundingManager._setReserveRatioForSelling
FNDA:514,BancorVirtualSupplyBondingCurveFundingManager._setReserveRatioForSelling
DA:409,514
BRDA:409,4,0,1
BRDA:409,4,1,513
DA:410,1
DA:413,513
BRDA:413,5,0,256
BRDA:413,5,1,257
DA:414,256
DA:417,257
DA:418,257
FN:430,BancorVirtualSupplyBondingCurveFundingManager._convertAmountToRequiredDecimal
FNDA:7475,BancorVirtualSupplyBondingCurveFundingManager._convertAmountToRequiredDecimal
DA:436,7475
BRDA:436,6,0,6963
BRDA:436,6,1,512
DA:437,6963
DA:441,512
BRDA:441,7,0,256
BRDA:441,7,1,256
DA:442,256
DA:443,256
DA:447,256
DA:448,256
FNF:20
FNH:20
LF:57
LH:57
BRF:16
BRH:16
end_of_record
TN:
SF:src/modules/fundingManager/bondingCurveFundingManager/BondingCurveFundingManagerBase.sol
FN:77,BondingCurveFundingManagerBase.buyOrderFor
FNDA:259,BondingCurveFundingManagerBase.buyOrderFor
DA:84,256
FN:88,BondingCurveFundingManagerBase.buyOrder
FNDA:1537,BondingCurveFundingManagerBase.buyOrder
DA:94,1537
FN:101,BondingCurveFundingManagerBase.decimals
FNDA:259,BondingCurveFundingManagerBase.decimals
DA:107,3591
FN:114,BondingCurveFundingManagerBase.openBuy
FNDA:2,BondingCurveFundingManagerBase.openBuy
DA:115,2
FN:119,BondingCurveFundingManagerBase.closeBuy
FNDA:5,BondingCurveFundingManagerBase.closeBuy
DA:120,5
FN:124,BondingCurveFundingManagerBase.setBuyFee
FNDA:1024,BondingCurveFundingManagerBase.setBuyFee
DA:125,1024
FN:149,BondingCurveFundingManagerBase._buyOrder
FNDA:4355,BondingCurveFundingManagerBase._buyOrder
DA:153,4355
BRDA:153,0,0,1
BRDA:153,0,1,4354
DA:154,1
DA:157,4354
DA:161,4354
BRDA:161,1,0,483
BRDA:161,1,1,4354
DA:162,483
DA:166,4354
DA:168,3842
DA:170,3842
FN:174,BondingCurveFundingManagerBase._openBuy
FNDA:3,BondingCurveFundingManagerBase._openBuy
DA:175,3
BRDA:175,2,0,1
BRDA:175,2,1,2
DA:176,1
DA:178,2
DA:179,2
FN:183,BondingCurveFundingManagerBase._closeBuy
FNDA:5,BondingCurveFundingManagerBase._closeBuy
DA:184,5
BRDA:184,3,0,1
BRDA:184,3,1,4
DA:185,1
DA:187,4
DA:188,4
FN:193,BondingCurveFundingManagerBase._setBuyFee
FNDA:1025,BondingCurveFundingManagerBase._setBuyFee
DA:194,1025
BRDA:194,4,0,256
BRDA:194,4,1,769
DA:195,256
DA:197,769
DA:198,769
FN:207,BondingCurveFundingManagerBase._calculateFeeDeductedDepositAmount
FNDA:1487,BondingCurveFundingManagerBase._calculateFeeDeductedDepositAmount
DA:211,1487
BRDA:211,5,0,256
BRDA:211,5,1,1231
DA:212,256
DA:215,1231
DA:217,1231
FN:225,BondingCurveFundingManagerBase._issueTokens
FNDA:4354,BondingCurveFundingManagerBase._issueTokens
DA:229,4354
FN:235,BondingCurveFundingManagerBase._setTokenDecimals
FNDA:258,BondingCurveFundingManagerBase._setTokenDecimals
DA:236,258
BRDA:236,6,0,1
BRDA:236,6,1,257
DA:237,1
DA:239,257
FN:246,BondingCurveFundingManagerBase.transferOrchestratorToken
FNDA:256,BondingCurveFundingManagerBase.transferOrchestratorToken
DA:250,256
DA:252,256
FNF:14
FNH:14
LF:36
LH:36
BRF:14
BRH:14
end_of_record
TN:
SF:src/modules/fundingManager/bondingCurveFundingManager/RedeemingBondingCurveFundingManagerBase.sol
FN:54,RedeemingBondingCurveFundingManagerBase.sellOrderFor
FNDA:257,RedeemingBondingCurveFundingManagerBase.sellOrderFor
DA:61,256
FN:65,RedeemingBondingCurveFundingManagerBase.sellOrder
FNDA:769,RedeemingBondingCurveFundingManagerBase.sellOrder
DA:71,769
FN:78,RedeemingBondingCurveFundingManagerBase.openSell
FNDA:2,RedeemingBondingCurveFundingManagerBase.openSell
DA:79,2
FN:83,RedeemingBondingCurveFundingManagerBase.closeSell
FNDA:5,RedeemingBondingCurveFundingManagerBase.closeSell
DA:84,5
FN:88,RedeemingBondingCurveFundingManagerBase.setSellFee
FNDA:1024,RedeemingBondingCurveFundingManagerBase.setSellFee
DA:89,1024
FN:121,RedeemingBondingCurveFundingManagerBase._sellOrder
FNDA:2307,RedeemingBondingCurveFundingManagerBase._sellOrder
DA:125,2307
BRDA:125,0,0,1
BRDA:125,0,1,2306
DA:126,1
DA:129,2306
DA:132,1837
DA:135,1794
BRDA:135,1,0,492
BRDA:135,1,1,1794
DA:136,492
DA:141,1794
DA:142,1794
BRDA:140,2,0,256
BRDA:140,2,1,1538
DA:144,256
DA:149,1538
DA:151,1538
FN:155,RedeemingBondingCurveFundingManagerBase._openSell
FNDA:3,RedeemingBondingCurveFundingManagerBase._openSell
DA:156,3
BRDA:156,3,0,1
BRDA:156,3,1,2
DA:157,1
DA:159,2
DA:160,2
FN:164,RedeemingBondingCurveFundingManagerBase._closeSell
FNDA:5,RedeemingBondingCurveFundingManagerBase._closeSell
DA:165,5
BRDA:165,4,0,1
BRDA:165,4,1,4
DA:166,1
DA:168,4
DA:169,4
FN:174,RedeemingBondingCurveFundingManagerBase._setSellFee
FNDA:1025,RedeemingBondingCurveFundingManagerBase._setSellFee
DA:175,1025
BRDA:175,5,0,256
BRDA:175,5,1,769
DA:176,256
DA:178,769
DA:179,769
FN:188,RedeemingBondingCurveFundingManagerBase._redeemTokens
FNDA:2306,RedeemingBondingCurveFundingManagerBase._redeemTokens
DA:192,2306
FNF:10
FNH:10
LF:29
LH:29
BRF:12
BRH:12
end_of_record
TN:
SF:src/modules/fundingManager/bondingCurveFundingManager/formula/BancorFormula.sol
FN:194,BancorFormula.calculatePurchaseReturn
FNDA:3330,BancorFormula.calculatePurchaseReturn
DA:196,3330
BRDA:196,0,0,-
BRDA:196,0,1,3330
DA:199,3330
BRDA:199,1,0,-
BRDA:199,1,1,3330
DA:200,0
DA:203,3330
BRDA:203,2,0,-
BRDA:203,2,1,3330
DA:204,0
DA:206,3330
DA:207,3330
DA:208,3330
DA:209,3074
DA:210,3074
DA:211,2818
FN:228,BancorFormula.calculateSaleReturn
FNDA:2050,BancorFormula.calculateSaleReturn
DA:230,2050
BRDA:230,3,0,469
BRDA:230,3,1,1581
DA:233,1581
BRDA:233,4,0,-
BRDA:233,4,1,1581
DA:234,0
DA:237,1581
BRDA:237,5,0,-
BRDA:237,5,1,1581
DA:238,0
DA:241,1581
BRDA:241,6,0,-
BRDA:241,6,1,1581
DA:242,0
DA:244,1581
DA:245,1581
DA:246,1581
DA:247,1581
DA:248,1581
DA:249,1581
DA:250,1581
FN:268,BancorFormula.calculateCrossConnectorReturn
FNDA:0,BancorFormula.calculateCrossConnectorReturn
DA:270,0
BRDA:270,7,0,-
BRDA:270,7,1,-
DA:273,0
BRDA:273,8,0,-
BRDA:273,8,1,-
DA:274,0
DA:276,0
DA:277,0
DA:278,0
DA:279,0
DA:280,0
DA:281,0
DA:282,0
FN:302,BancorFormula.power
FNDA:4655,BancorFormula.power
DA:303,4655
BRDA:303,9,0,-
BRDA:303,9,1,4655
DA:305,4655
DA:306,4655
DA:307,4655
BRDA:307,10,0,1936
BRDA:307,10,1,2719
DA:308,1936
DA:311,2719
DA:314,4655
DA:315,4655
BRDA:315,11,0,3825
BRDA:315,11,1,830
DA:316,3825
DA:319,830
DA:320,830
FN:328,BancorFormula.generalLog
FNDA:2719,BancorFormula.generalLog
DA:329,2719
DA:332,2719
BRDA:332,12,0,2719
BRDA:332,12,1,2719
DA:333,2719
DA:334,2719
DA:335,2719
DA:339,2719
BRDA:339,13,0,176610
BRDA:339,13,1,345313
DA:340,2719
DA:341,345313
DA:342,345313
BRDA:342,14,0,176610
BRDA:342,14,1,345313
DA:343,176610
DA:344,176610
DA:349,2719
FN:355,BancorFormula.floorLog2
FNDA:2719,BancorFormula.floorLog2
DA:356,2719
DA:358,2719
BRDA:358,15,0,4780
BRDA:358,15,1,927
DA:360,5707
DA:361,4780
DA:362,4780
DA:367,1792
DA:368,14336
BRDA:368,16,0,8321
BRDA:368,16,1,14336
DA:369,8321
DA:370,8321
DA:375,2719
FN:383,BancorFormula.findPositionInMaxExpArray
FNDA:830,BancorFormula.findPositionInMaxExpArray
DA:384,830
DA:385,830
DA:387,5811
DA:388,4981
DA:389,4981
BRDA:389,17,0,1660
BRDA:389,17,1,3321
DA:390,1660
DA:392,3321
DA:395,830
BRDA:395,18,0,-
BRDA:395,18,1,830
DA:396,0
DA:397,830
BRDA:397,19,0,830
BRDA:397,19,1,-
DA:398,830
DA:400,0
BRDA:400,20,0,-
BRDA:400,20,1,-
DA:401,0
FN:411,BancorFormula.generalExp
FNDA:830,BancorFormula.generalExp
DA:412,830
DA:413,830
DA:415,830
DA:416,830
DA:417,830
DA:418,830
DA:419,830
DA:420,830
DA:421,830
DA:422,830
DA:423,830
DA:424,830
DA:425,830
DA:426,830
DA:427,830
DA:428,830
DA:429,830
DA:430,830
DA:431,830
DA:432,830
DA:433,830
DA:434,830
DA:435,830
DA:436,830
DA:437,830
DA:438,830
DA:439,830
DA:440,830
DA:441,830
DA:442,830
DA:443,830
DA:444,830
DA:445,830
DA:446,830
DA:448,830
FN:462,BancorFormula.optimalLog
FNDA:1936,BancorFormula.optimalLog
DA:463,1936
DA:465,1936
DA:466,1936
DA:467,1936
DA:469,1936
BRDA:469,21,0,1542
BRDA:469,21,1,1936
DA:470,1936
BRDA:470,22,0,13
BRDA:470,22,1,1936
DA:471,1936
BRDA:471,23,0,1557
BRDA:471,23,1,1936
DA:472,1936
BRDA:472,24,0,1556
BRDA:472,24,1,1936
DA:473,1936
BRDA:473,25,0,17
BRDA:473,25,1,1936
DA:474,1936
BRDA:474,26,0,190
BRDA:474,26,1,1936
DA:475,1936
BRDA:475,27,0,289
BRDA:475,27,1,1936
DA:476,1936
BRDA:476,28,0,1734
BRDA:476,28,1,1936
DA:478,1936
DA:479,1936
DA:480,1936
DA:481,1936
DA:482,1936
DA:483,1936
DA:484,1936
DA:485,1936
DA:486,1936
DA:487,1936
DA:489,1936
FN:503,BancorFormula.optimalExp
FNDA:3825,BancorFormula.optimalExp
DA:504,3825
DA:506,3825
DA:507,3825
DA:509,3825
DA:510,3825
DA:511,3825
DA:512,3825
DA:513,3825
DA:514,3825
DA:515,3825
DA:516,3825
DA:517,3825
DA:518,3825
DA:519,3825
DA:520,3825
DA:521,3825
DA:522,3825
DA:523,3825
DA:524,3825
DA:525,3825
DA:526,3825
DA:527,3825
DA:528,3825
DA:529,3825
DA:531,3825
BRDA:531,29,0,2390
BRDA:531,29,1,3825
DA:532,3825
BRDA:532,30,0,2587
BRDA:532,30,1,3825
DA:533,3825
BRDA:533,31,0,1160
BRDA:533,31,1,3825
DA:534,3825
BRDA:534,32,0,2198
BRDA:534,32,1,3825
DA:535,3825
BRDA:535,33,0,2308
BRDA:535,33,1,3825
DA:536,3825
BRDA:536,34,0,239
BRDA:536,34,1,3825
DA:537,3825
BRDA:537,35,0,632
BRDA:537,35,1,3825
DA:539,3825
FNF:10
FNH:9
LF:171
LH:153
BRF:72
BRH:57
end_of_record
TN:
SF:src/modules/fundingManager/bondingCurveFundingManager/formula/SafeMath.sol
FN:19,SafeMath.add
FNDA:0,SafeMath.add
DA:20,0
DA:21,0
BRDA:21,0,0,-
BRDA:21,0,1,-
DA:22,0
FN:33,SafeMath.sub
FNDA:0,SafeMath.sub
DA:34,0
BRDA:34,1,0,-
BRDA:34,1,1,-
DA:35,0
FN:46,SafeMath.mul
FNDA:0,SafeMath.mul
DA:48,0
BRDA:48,2,0,-
BRDA:48,2,1,-
DA:49,0
DA:51,0
DA:52,0
BRDA:52,3,0,-
BRDA:52,3,1,-
DA:53,0
FN:64,SafeMath.div
FNDA:0,SafeMath.div
DA:65,0
BRDA:65,4,0,-
BRDA:65,4,1,-
DA:66,0
DA:68,0
FNF:4
FNH:0
LF:13
LH:0
BRF:10
BRH:0
end_of_record
TN:
SF:src/modules/fundingManager/bondingCurveFundingManager/marketMaker/VirtualCollateralSupplyBase.sol
FN:25,VirtualCollateralSupplyBase.getVirtualCollateralSupply
FNDA:3841,VirtualCollateralSupplyBase.getVirtualCollateralSupply
DA:26,3841
FN:41,VirtualCollateralSupplyBase._addVirtualCollateralAmount
FNDA:2562,VirtualCollateralSupplyBase._addVirtualCollateralAmount
DA:42,2562
BRDA:42,0,0,256
BRDA:42,0,1,2306
DA:43,256
DA:45,2306
DA:46,2306
FN:52,VirtualCollateralSupplyBase._subVirtualCollateralAmount
FNDA:1282,VirtualCollateralSupplyBase._subVirtualCollateralAmount
DA:53,1282
BRDA:53,1,0,256
BRDA:53,1,1,1026
DA:54,256
DA:57,1026
DA:58,1026
FN:63,VirtualCollateralSupplyBase._setVirtualCollateralSupply
FNDA:1538,VirtualCollateralSupplyBase._setVirtualCollateralSupply
DA:64,1538
DA:65,1538
FN:70,VirtualCollateralSupplyBase._getVirtualCollateralSupply
FNDA:3841,VirtualCollateralSupplyBase._getVirtualCollateralSupply
DA:71,3841
FNF:5
FNH:5
LF:12
LH:12
BRF:4
BRH:4
end_of_record
TN:
SF:src/modules/fundingManager/bondingCurveFundingManager/marketMaker/VirtualTokenSupplyBase.sol
FN:26,VirtualTokenSupplyBase.getVirtualTokenSupply
FNDA:3841,VirtualTokenSupplyBase.getVirtualTokenSupply
DA:27,3841
FN:42,VirtualTokenSupplyBase._addVirtualTokenAmount
FNDA:2562,VirtualTokenSupplyBase._addVirtualTokenAmount
DA:43,2562
BRDA:43,0,0,256
BRDA:43,0,1,2306
DA:44,256
DA:46,2306
DA:47,2306
FN:53,VirtualTokenSupplyBase._subVirtualTokenAmount
FNDA:1282,VirtualTokenSupplyBase._subVirtualTokenAmount
DA:54,1282
BRDA:54,1,0,256
BRDA:54,1,1,1026
DA:55,256
DA:57,1026
DA:58,1026
FN:63,VirtualTokenSupplyBase._setVirtualTokenSupply
FNDA:1793,VirtualTokenSupplyBase._setVirtualTokenSupply
DA:64,1793
DA:65,1793
FN:70,VirtualTokenSupplyBase._getVirtualTokenSupply
FNDA:3841,VirtualTokenSupplyBase._getVirtualTokenSupply
DA:71,3841
FNF:5
FNH:5
LF:12
LH:12
BRF:4
BRH:4
end_of_record
TN:
SF:src/modules/fundingManager/token/ElasticReceiptTokenBase.sol
FN:201,ElasticReceiptTokenBase.transfer
FNDA:491,ElasticReceiptTokenBase.transfer
DA:209,491
DA:211,491
DA:213,256
FN:217,ElasticReceiptTokenBase.transferFrom
FNDA:1268,ElasticReceiptTokenBase.transferFrom
DA:226,1268
DA:228,1268
DA:229,756
DA:231,512
FN:235,ElasticReceiptTokenBase.transferAll
FNDA:256,ElasticReceiptTokenBase.transferAll
DA:242,256
DA:243,256
DA:245,256
DA:247,256
FN:251,ElasticReceiptTokenBase.transferAllFrom
FNDA:768,ElasticReceiptTokenBase.transferAllFrom
DA:259,768
DA:260,768
DA:263,768
BRDA:263,0,0,512
BRDA:263,0,1,256
DA:267,512
DA:269,256
DA:272,512
DA:274,512
FN:278,ElasticReceiptTokenBase.approve
FNDA:2036,ElasticReceiptTokenBase.approve
DA:284,2036
DA:286,2036
DA:287,2036
FN:295,ElasticReceiptTokenBase.increaseAllowance
FNDA:512,ElasticReceiptTokenBase.increaseAllowance
DA:299,512
DA:301,512
DA:304,512
FN:312,ElasticReceiptTokenBase.decreaseAllowance
FNDA:256,ElasticReceiptTokenBase.decreaseAllowance
DA:316,256
BRDA:316,1,0,256
BRDA:316,1,1,-
DA:317,256
DA:319,0
DA:322,256
DA:325,256
FN:332,ElasticReceiptTokenBase.rebase
FNDA:1304,ElasticReceiptTokenBase.rebase
DA:334,0
FN:341,ElasticReceiptTokenBase.permit
FNDA:1,ElasticReceiptTokenBase.permit
DA:350,1
BRDA:350,2,0,-
BRDA:350,2,1,1
DA:355,1
DA:377,1
BRDA:377,3,0,-
BRDA:377,3,1,1
DA:379,1
DA:382,1
FN:389,ElasticReceiptTokenBase.allowance
FNDA:1281,ElasticReceiptTokenBase.allowance
DA:394,1281
FN:398,ElasticReceiptTokenBase.totalSupply
FNDA:779,ElasticReceiptTokenBase.totalSupply
DA:399,779
FN:403,ElasticReceiptTokenBase.balanceOf
FNDA:58360,ElasticReceiptTokenBase.balanceOf
DA:404,58360
FN:408,ElasticReceiptTokenBase.scaledTotalSupply
FNDA:2,ElasticReceiptTokenBase.scaledTotalSupply
DA:409,2
FN:413,ElasticReceiptTokenBase.scaledBalanceOf
FNDA:257,ElasticReceiptTokenBase.scaledBalanceOf
DA:414,257
FN:420,ElasticReceiptTokenBase.nonces
FNDA:1,ElasticReceiptTokenBase.nonces
DA:421,1
FN:426,ElasticReceiptTokenBase.DOMAIN_SEPARATOR
FNDA:1,ElasticReceiptTokenBase.DOMAIN_SEPARATOR
DA:427,2
FN:442,ElasticReceiptTokenBase._tokensToBits
FNDA:33067,ElasticReceiptTokenBase._tokensToBits
DA:443,33067
FN:449,ElasticReceiptTokenBase._bitsToTokens
FNDA:8354,ElasticReceiptTokenBase._bitsToTokens
DA:450,8354
FN:459,ElasticReceiptTokenBase._mint
FNDA:24376,ElasticReceiptTokenBase._mint
DA:466,24343
BRDA:466,4,0,365
BRDA:466,4,1,23978
DA:467,365
DA:471,23978
DA:472,23978
DA:478,23978
DA:479,23978
BRDA:479,5,0,4220
BRDA:479,5,1,23978
DA:480,4220
DA:484,23978
DA:485,23978
DA:488,23978
FN:498,ElasticReceiptTokenBase._burn
FNDA:7330,ElasticReceiptTokenBase._burn
DA:506,7330
DA:507,7330
DA:510,7330
DA:511,7330
DA:516,7330
DA:517,7330
DA:520,7183
DA:521,7183
DA:524,7183
FN:533,ElasticReceiptTokenBase._rebase
FNDA:35760,ElasticReceiptTokenBase._rebase
DA:534,35760
DA:538,35760
BRDA:538,6,0,4587
BRDA:538,6,1,31173
DA:539,4587
DA:543,31173
DA:544,31173
DA:547,31173
DA:548,31173
FN:553,ElasticReceiptTokenBase._activeBits
FNDA:62483,ElasticReceiptTokenBase._activeBits
DA:554,62483
FN:559,ElasticReceiptTokenBase._transfer
FNDA:33323,ElasticReceiptTokenBase._transfer
DA:562,33323
DA:563,32844
DA:565,32844
BRDA:565,7,0,2679
BRDA:565,7,1,32844
DA:566,2679
DA:569,32844
FN:574,ElasticReceiptTokenBase._useAllowance
FNDA:2036,ElasticReceiptTokenBase._useAllowance
DA:578,2036
BRDA:578,8,0,1780
BRDA:578,8,1,1268
DA:579,1780
FNF:24
FNH:24
LF:78
LH:76
BRF:18
BRH:15
end_of_record
TN:
SF:src/modules/fundingManager/token/ElasticReceiptTokenUpgradeable.sol
FN:13,ElasticReceiptTokenUpgradeable.__ElasticReceiptToken_init
FNDA:525,ElasticReceiptTokenUpgradeable.__ElasticReceiptToken_init
DA:18,525
BRDA:18,0,0,256
BRDA:18,0,1,269
DA:21,269
DA:22,269
DA:23,269
DA:29,269
FNF:1
FNH:1
LF:5
LH:5
BRF:2
BRH:2
end_of_record
TN:
SF:src/modules/lib/LibMetadata.sol
FN:17,LibMetadata.identifier
FNDA:3625,LibMetadata.identifier
DA:22,3625
FN:32,LibMetadata.isValid
FNDA:5689,LibMetadata.isValid
DA:38,5689
BRDA:38,0,0,2
BRDA:38,0,1,5687
DA:39,2
DA:43,5687
BRDA:43,1,0,2
BRDA:43,1,1,5685
DA:44,2
DA:48,5685
BRDA:48,2,0,-
BRDA:48,2,1,5685
DA:49,0
DA:52,5685
FNF:2
FNH:2
LF:8
LH:7
BRF:6
BRH:5
end_of_record
TN:
SF:src/modules/logicModule/BountyManager.sol
FN:84,BountyManager.validContributorsForBounty
FNDA:132099,BountyManager.validContributorsForBounty
DA:89,132099
DA:91,132099
BRDA:91,0,0,2
BRDA:91,0,1,132097
DA:92,2
DA:94,132097
DA:95,132097
DA:96,132097
DA:97,132097
DA:98,132097
DA:99,591670
DA:102,591670
BRDA:102,1,0,111
BRDA:102,1,1,591559
DA:103,111
DA:106,591559
DA:108,591559
DA:109,591541
BRDA:107,2,0,18
BRDA:107,2,1,591541
DA:111,18
DA:114,591541
DA:116,591541
DA:121,131968
DA:122,131896
BRDA:120,3,0,97
BRDA:120,3,1,131871
DA:124,97
FN:142,BountyManager.contributorsNotChanged
FNDA:940,BountyManager.contributorsNotChanged
DA:146,940
DA:149,940
DA:150,940
DA:152,12718
DA:153,12639
BRDA:151,4,0,79
BRDA:151,4,1,12639
DA:154,79
DA:156,12639
FN:195,BountyManager.init
FNDA:6,BountyManager.init
DA:200,5
DA:202,5
DA:203,5
FN:206,BountyManager.init2
FNDA:4,BountyManager.init2
FN:219,BountyManager.getBountyInformation
FNDA:4241,BountyManager.getBountyInformation
DA:225,4017
FN:229,BountyManager.listBountyIds
FNDA:0,BountyManager.listBountyIds
DA:230,0
FN:234,BountyManager.isExistingBountyId
FNDA:2,BountyManager.isExistingBountyId
DA:235,136366
FN:239,BountyManager.getClaimInformation
FNDA:7877,BountyManager.getClaimInformation
DA:245,7640
FN:249,BountyManager.listClaimIds
FNDA:0,BountyManager.listClaimIds
DA:250,0
FN:254,BountyManager.isExistingClaimId
FNDA:0,BountyManager.isExistingClaimId
DA:255,9850
FN:259,BountyManager.listClaimIdsForContributorAddress
FNDA:317100,BountyManager.listClaimIdsForContributorAddress
DA:264,317100
FN:271,BountyManager.addBounty
FNDA:134776,BountyManager.addBounty
DA:282,134641
DA:285,134641
DA:287,134641
DA:289,134641
DA:290,134641
DA:291,134641
DA:293,134641
DA:297,134641
FN:301,BountyManager.updateBounty
FNDA:259,BountyManager.updateBounty
DA:307,256
DA:309,256
FN:313,BountyManager.lockBounty
FNDA:100,BountyManager.lockBounty
DA:319,97
DA:321,97
FN:325,BountyManager.addClaim
FNDA:131767,BountyManager.addClaim
DA:336,131764
DA:338,131537
DA:341,131537
DA:343,131537
DA:346,131537
DA:348,131537
DA:349,131537
DA:350,576248
DA:352,576248
DA:354,576248
DA:358,131537
DA:360,131537
DA:362,131537
FN:366,BountyManager.updateClaimContributors
FNDA:339,BountyManager.updateClaimContributors
DA:376,335
DA:379,334
DA:381,334
DA:382,334
DA:384,668
DA:386,668
DA:390,334
DA:392,334
DA:394,334
DA:395,11812
DA:397,11812
DA:399,11812
DA:403,334
FN:407,BountyManager.updateClaimDetails
FNDA:516,BountyManager.updateClaimDetails
DA:414,256
DA:416,256
FN:420,BountyManager.verifyClaim
FNDA:1119,BountyManager.verifyClaim
DA:427,940
DA:429,861
DA:431,861
DA:434,861
DA:437,861
DA:438,12639
DA:440,12639
DA:449,12639
DA:454,861
DA:459,861
DA:461,861
FNF:18
FNH:15
LF:88
LH:86
BRF:10
BRH:10
end_of_record
TN:
SF:src/modules/logicModule/RecurringPaymentManager.sol
FN:78,RecurringPaymentManager.init
FNDA:2313,RecurringPaymentManager.init
DA:83,2312
DA:85,2312
DA:87,2312
DA:90,2312
BRDA:90,0,0,2
BRDA:90,0,1,2310
DA:91,2
FN:99,RecurringPaymentManager.getEpochLength
FNDA:41880,RecurringPaymentManager.getEpochLength
DA:100,41880
FN:104,RecurringPaymentManager.getRecurringPaymentInformation
FNDA:351828,RecurringPaymentManager.getRecurringPaymentInformation
DA:110,351600
FN:114,RecurringPaymentManager.listRecurringPaymentIds
FNDA:14362,RecurringPaymentManager.listRecurringPaymentIds
DA:115,14362
FN:119,RecurringPaymentManager.getPreviousPaymentId
FNDA:0,RecurringPaymentManager.getPreviousPaymentId
DA:120,0
FN:124,RecurringPaymentManager.isExistingRecurringPaymentId
FNDA:0,RecurringPaymentManager.isExistingRecurringPaymentId
DA:125,353620
FN:132,RecurringPaymentManager.getEpochFromTimestamp
FNDA:0,RecurringPaymentManager.getEpochFromTimestamp
DA:137,0
FN:141,RecurringPaymentManager.getCurrentEpoch
FNDA:135608,RecurringPaymentManager.getCurrentEpoch
DA:142,318233
FN:146,RecurringPaymentManager.getFutureEpoch
FNDA:768,RecurringPaymentManager.getFutureEpoch
DA:151,768
FN:158,RecurringPaymentManager.addRecurringPayment
FNDA:170428,RecurringPaymentManager.addRecurringPayment
DA:171,170393
DA:174,170393
DA:177,170393
DA:178,170393
DA:179,170393
DA:180,170393
DA:182,170393
DA:190,170393
FN:194,RecurringPaymentManager.removeRecurringPayment
FNDA:7985,RecurringPaymentManager.removeRecurringPayment
DA:199,7984
DA:202,7984
DA:205,7984
DA:207,7984
FN:214,RecurringPaymentManager.trigger
FNDA:3191,RecurringPaymentManager.trigger
DA:215,3191
FN:219,RecurringPaymentManager.triggerFor
FNDA:1024,RecurringPaymentManager.triggerFor
DA:226,256
FN:229,RecurringPaymentManager._triggerFor
FNDA:11431,RecurringPaymentManager._triggerFor
DA:231,11431
DA:233,11431
DA:235,11431
DA:237,11431
DA:240,184673
DA:241,173242
DA:244,173242
BRDA:244,1,0,17703
BRDA:244,1,1,27837
DA:245,27837
DA:248,27837
BRDA:248,2,0,17703
BRDA:248,2,1,27837
DA:250,27837
DA:261,27837
BRDA:261,3,0,17703
BRDA:261,3,1,27837
DA:262,17703
DA:275,27837
DA:280,173242
DA:284,11431
DA:286,11431
FNF:14
FNH:11
LF:43
LH:41
BRF:8
BRH:8
end_of_record
TN:
SF:src/modules/logicModule/paymentClient/ERC20PaymentClient.sol
FN:62,ERC20PaymentClient._addPaymentOrder
FNDA:145306,ERC20PaymentClient._addPaymentOrder
DA:68,145303
DA:71,145303
DA:73,145303
FN:79,ERC20PaymentClient._addPaymentOrders
FNDA:1,ERC20PaymentClient._addPaymentOrders
DA:80,1
DA:82,1
DA:84,1
DA:85,1
DA:86,3
DA:87,3
DA:90,3
DA:93,3
DA:95,3
DA:99,1
FN:106,ERC20PaymentClient.collectPaymentOrders
FNDA:7294,ERC20PaymentClient.collectPaymentOrders
DA:112,7294
BRDA:112,0,0,1
BRDA:112,0,1,7293
DA:113,1
DA:118,7293
DA:123,7293
DA:124,7293
DA:125,7293
DA:126,128364
DA:130,7293
DA:133,7293
DA:136,7293
DA:140,7293
DA:144,7293
FN:148,ERC20PaymentClient.paymentOrders
FNDA:8572,ERC20PaymentClient.paymentOrders
DA:154,8572
FN:158,ERC20PaymentClient.outstandingTokenAmount
FNDA:513,ERC20PaymentClient.outstandingTokenAmount
DA:159,513
FN:165,ERC20PaymentClient._ensureValidRecipient
FNDA:170394,ERC20PaymentClient._ensureValidRecipient
DA:166,170394
BRDA:166,1,0,1
BRDA:166,1,1,170393
DA:167,1
FN:171,ERC20PaymentClient._ensureValidAmount
FNDA:170427,ERC20PaymentClient._ensureValidAmount
DA:172,170427
BRDA:172,2,0,1
BRDA:172,2,1,170426
FN:175,ERC20PaymentClient._ensureValidPaymentOrder
FNDA:145309,ERC20PaymentClient._ensureValidPaymentOrder
DA:176,145309
BRDA:176,3,0,1
BRDA:176,3,1,145308
DA:177,1
DA:179,145308
BRDA:179,4,0,2
BRDA:179,4,1,145306
DA:180,2
FN:188,ERC20PaymentClient._ensureTokenBalance
FNDA:3961,ERC20PaymentClient._ensureTokenBalance
DA:191,3961
DA:192,3961
DA:200,3961
BRDA:200,5,0,256
BRDA:200,5,1,3705
DA:201,256
FN:206,ERC20PaymentClient._ensureTokenAllowance
FNDA:3705,ERC20PaymentClient._ensureTokenAllowance
DA:210,3705
DA:211,3705
DA:213,3705
BRDA:213,6,0,2609
BRDA:213,6,1,3705
DA:214,2609
FN:219,ERC20PaymentClient._isAuthorizedPaymentProcessor
FNDA:3705,ERC20PaymentClient._isAuthorizedPaymentProcessor
DA:225,3705
FNF:11
FNH:11
LF:43
LH:43
BRF:14
BRH:14
end_of_record
TN:
SF:src/modules/paymentProcessor/SimplePaymentProcessor.sol
FN:52,SimplePaymentProcessor.init
FNDA:8,SimplePaymentProcessor.init
DA:57,7
FN:64,SimplePaymentProcessor.token
FNDA:2,SimplePaymentProcessor.token
DA:65,260
FN:69,SimplePaymentProcessor.processPayments
FNDA:770,SimplePaymentProcessor.processPayments
DA:75,258
DA:76,258
DA:77,258
DA:80,258
DA:83,258
DA:84,258
DA:85,258
DA:86,258
DA:87,260
DA:88,260
DA:90,260
DA:92,260
DA:94,260
FN:104,SimplePaymentProcessor.cancelRunningPayments
FNDA:512,SimplePaymentProcessor.cancelRunningPayments
DA:110,0
FNF:4
FNH:4
LF:16
LH:15
BRF:0
BRH:0
end_of_record
TN:
SF:src/modules/paymentProcessor/StreamingPaymentProcessor.sol
FN:85,StreamingPaymentProcessor.init
FNDA:259,StreamingPaymentProcessor.init
DA:90,258
FN:94,StreamingPaymentProcessor.claimAll
FNDA:53184,StreamingPaymentProcessor.claimAll
DA:96,53184
BRDA:95,0,0,9740
BRDA:95,0,1,43444
DA:101,9740
DA:106,43444
FN:110,StreamingPaymentProcessor.claimForSpecificWalletId
FNDA:513,StreamingPaymentProcessor.claimForSpecificWalletId
DA:116,513
DA:117,513
BRDA:115,1,0,-
BRDA:115,1,1,513
DA:119,0
DA:125,513
BRDA:124,2,0,-
BRDA:124,2,1,513
DA:128,0
DA:133,513
FN:139,StreamingPaymentProcessor.processPayments
FNDA:4358,StreamingPaymentProcessor.processPayments
DA:145,3846
BRDA:145,3,0,-
BRDA:145,3,1,88418
DA:147,3590
DA:148,3590
DA:149,3590
DA:151,3590
BRDA:151,4,0,-
BRDA:151,4,1,3590
DA:152,0
DA:157,3590
DA:158,3590
DA:159,3590
DA:160,3590
DA:161,3590
DA:163,3590
DA:165,3590
DA:166,88418
DA:167,88418
DA:168,88418
DA:169,88418
DA:170,88418
DA:172,88418
DA:181,88418
DA:191,88418
FN:198,StreamingPaymentProcessor.cancelRunningPayments
FNDA:1025,StreamingPaymentProcessor.cancelRunningPayments
DA:203,513
FN:207,StreamingPaymentProcessor.removeAllPaymentReceiverPayments
FNDA:1,StreamingPaymentProcessor.removeAllPaymentReceiverPayments
DA:212,1
BRDA:211,5,0,-
BRDA:211,5,1,1
DA:215,0
DA:219,1
FN:223,StreamingPaymentProcessor.removePaymentForSpecificWalletId
FNDA:513,StreamingPaymentProcessor.removePaymentForSpecificWalletId
DA:230,513
DA:237,513
DA:238,513
BRDA:236,6,0,513
BRDA:236,6,1,513
DA:240,513
FN:248,StreamingPaymentProcessor.isActivePaymentReceiver
FNDA:20319,StreamingPaymentProcessor.isActivePaymentReceiver
DA:253,20319
FN:257,StreamingPaymentProcessor.startForSpecificWalletId
FNDA:11571,StreamingPaymentProcessor.startForSpecificWalletId
DA:262,1015344
FN:266,StreamingPaymentProcessor.dueToForSpecificWalletId
FNDA:11571,StreamingPaymentProcessor.dueToForSpecificWalletId
DA:271,1103985
FN:275,StreamingPaymentProcessor.releasedForSpecificWalletId
FNDA:11572,StreamingPaymentProcessor.releasedForSpecificWalletId
DA:280,992957
FN:284,StreamingPaymentProcessor.vestedAmountForSpecificWalletId
FNDA:22388,StreamingPaymentProcessor.vestedAmountForSpecificWalletId
DA:290,1003773
FN:296,StreamingPaymentProcessor.releasableForSpecificWalletId
FNDA:914572,StreamingPaymentProcessor.releasableForSpecificWalletId
DA:301,981385
DA:303,981385
FN:307,StreamingPaymentProcessor.unclaimable
FNDA:261,StreamingPaymentProcessor.unclaimable
DA:312,53447
FN:316,StreamingPaymentProcessor.token
FNDA:1,StreamingPaymentProcessor.token
DA:317,70404
FN:321,StreamingPaymentProcessor.viewAllPaymentOrders
FNDA:2563,StreamingPaymentProcessor.viewAllPaymentOrders
DA:327,2563
DA:329,2563
DA:331,2563
DA:332,2563
DA:333,2563
DA:335,7947
DA:336,5384
DA:340,5384
DA:344,2563
FN:354,StreamingPaymentProcessor._afterClaimCleanup
FNDA:66549,StreamingPaymentProcessor._afterClaimCleanup
DA:360,66549
DA:363,66549
DA:369,66549
BRDA:369,7,0,64752
BRDA:369,7,1,66549
DA:370,64752
DA:377,66549
FN:386,StreamingPaymentProcessor._findAddressInActiveVestings
FNDA:153166,StreamingPaymentProcessor._findAddressInActiveVestings
DA:390,153166
DA:392,153166
DA:393,153166
DA:394,4086695
BRDA:394,8,0,67318
BRDA:394,8,1,4019377
DA:395,67318
DA:398,4019377
DA:401,85848
FN:411,StreamingPaymentProcessor._findActiveWalletId
FNDA:67062,StreamingPaymentProcessor._findActiveWalletId
DA:416,67062
DA:418,67062
DA:420,67062
DA:421,68087
DA:422,68087
BRDA:422,9,0,67062
BRDA:422,9,1,1025
DA:423,67062
DA:426,1025
DA:430,0
FN:437,StreamingPaymentProcessor._cancelRunningOrders
FNDA:513,StreamingPaymentProcessor._cancelRunningOrders
DA:438,513
DA:439,513
DA:441,513
DA:442,21825
DA:443,21312
DA:446,21312
FN:457,StreamingPaymentProcessor._removePayment
FNDA:21313,StreamingPaymentProcessor._removePayment
DA:458,21313
DA:460,21313
DA:462,21313
DA:463,21313
DA:464,42628
DA:465,21315
DA:466,21315
DA:471,21315
DA:472,21315
BRDA:470,10,0,15534
BRDA:470,10,1,21315
DA:474,15534
DA:478,21315
FN:489,StreamingPaymentProcessor._removePaymentForSpecificWalletId
FNDA:66549,StreamingPaymentProcessor._removePaymentForSpecificWalletId
DA:494,66549
DA:495,66549
DA:497,66549
BRDA:497,11,0,-
BRDA:497,11,1,66549
DA:498,0
DA:506,66549
DA:510,66549
FN:519,StreamingPaymentProcessor._removeVestingInformationForSpecificWalletId
FNDA:66549,StreamingPaymentProcessor._removeVestingInformationForSpecificWalletId
DA:524,66549
FN:532,StreamingPaymentProcessor._removePaymentReceiverFromActiveVestings
FNDA:64752,StreamingPaymentProcessor._removePaymentReceiverFromActiveVestings
DA:537,64752
DA:538,64752
DA:540,64752
BRDA:540,12,0,-
BRDA:540,12,1,64752
DA:541,0
DA:547,64752
DA:548,64752
DA:552,64752
FN:564,StreamingPaymentProcessor._addPayment
FNDA:88418,StreamingPaymentProcessor._addPayment
DA:573,88418
DA:574,88413
BRDA:572,13,0,5
BRDA:572,13,1,88413
DA:576,5
DA:580,88413
DA:582,88413
DA:588,88413
BRDA:587,14,0,85848
BRDA:587,14,1,88413
DA:591,85848
DA:594,88413
DA:596,88413
FN:609,StreamingPaymentProcessor._claimAll
FNDA:43444,StreamingPaymentProcessor._claimAll
DA:610,43444
DA:612,43444
DA:614,43444
DA:615,87916
DA:616,44472
DA:621,44472
FN:634,StreamingPaymentProcessor._claimForSpecificWalletId
FNDA:66813,StreamingPaymentProcessor._claimForSpecificWalletId
DA:640,66813
DA:641,66813
DA:642,66813
DA:645,66813
DA:646,65787
BRDA:644,15,0,2
BRDA:644,15,1,66813
DA:648,2
DA:649,2
DA:652,66813
DA:654,66813
DA:663,66813
BRDA:663,16,0,66811
BRDA:663,16,1,2
DA:664,66811
DA:666,2
DA:669,66813
DA:670,66813
DA:673,66813
BRDA:673,17,0,50502
BRDA:673,17,1,66813
DA:674,50502
FN:684,StreamingPaymentProcessor._vestingAmountForSpecificWalletId
FNDA:1003773,StreamingPaymentProcessor._vestingAmountForSpecificWalletId
DA:690,1003773
DA:692,1003773
DA:693,1003773
DA:694,1003773
DA:695,1003773
DA:697,1003773
BRDA:697,18,0,-
BRDA:697,18,1,1003773
DA:698,0
DA:699,1003773
BRDA:699,19,0,123117
BRDA:699,19,1,880656
DA:700,123117
DA:702,880656
FN:710,StreamingPaymentProcessor.validAddress
FNDA:88418,StreamingPaymentProcessor.validAddress
DA:711,88418
FN:720,StreamingPaymentProcessor.validSalary
FNDA:88414,StreamingPaymentProcessor.validSalary
DA:721,88414
FN:727,StreamingPaymentProcessor.validStart
FNDA:88413,StreamingPaymentProcessor.validStart
DA:728,88413
FNF:31
FNH:31
LF:152
LH:144
BRF:40
BRH:32
end_of_record
TN:
SF:src/modules/utils/MetadataManager.sol
FN:23,MetadataManager.init
FNDA:3,MetadataManager.init
DA:28,2
DA:30,2
DA:34,2
DA:39,2
DA:41,2
DA:43,2
FN:49,MetadataManager.getManagerMetadata
FNDA:7,MetadataManager.getManagerMetadata
DA:54,7
FN:57,MetadataManager.getOrchestratorMetadata
FNDA:19,MetadataManager.getOrchestratorMetadata
DA:62,19
FN:65,MetadataManager.getTeamMetadata
FNDA:6,MetadataManager.getTeamMetadata
DA:70,6
FN:76,MetadataManager.setManagerMetadata
FNDA:1,MetadataManager.setManagerMetadata
DA:80,1
FN:83,MetadataManager._setManagerMetadata
FNDA:3,MetadataManager._setManagerMetadata
DA:86,3
DA:87,3
FN:94,MetadataManager.setOrchestratorMetadata
FNDA:1,MetadataManager.setOrchestratorMetadata
DA:97,1
FN:100,MetadataManager._setOrchestratorMetadata
FNDA:3,MetadataManager._setOrchestratorMetadata
DA:103,3
DA:104,3
FN:113,MetadataManager.setTeamMetadata
FNDA:1,MetadataManager.setTeamMetadata
DA:117,1
FN:120,MetadataManager._setTeamMetadata
FNDA:3,MetadataManager._setTeamMetadata
DA:121,3
DA:123,3
DA:124,3
DA:125,4
DA:128,3
FNF:10
FNH:10
LF:21
LH:21
BRF:0
BRH:0
end_of_record
TN:
SF:src/modules/utils/SingleVoteGovernor.sol
FN:77,SingleVoteGovernor.init
FNDA:517,SingleVoteGovernor.init
DA:82,517
DA:86,517
DA:87,517
DA:88,517
DA:89,517
DA:92,517
DA:95,517
BRDA:95,0,0,1
BRDA:95,0,1,516
DA:96,1
DA:101,516
BRDA:101,1,0,-
BRDA:101,1,1,516
DA:102,0
DA:107,516
DA:108,516
BRDA:106,2,0,-
BRDA:106,2,1,516
DA:110,0
DA:114,516
DA:115,516
DA:116,7355
DA:119,7355
DA:120,7353
BRDA:118,3,0,3
BRDA:118,3,1,7352
DA:122,3
DA:125,7352
BRDA:125,4,0,256
BRDA:125,4,1,7096
DA:126,256
DA:129,7096
DA:130,7096
DA:134,257
DA:137,257
DA:138,257
DA:141,257
DA:142,257
FN:148,SingleVoteGovernor.getReceipt
FNDA:43612,SingleVoteGovernor.getReceipt
DA:153,43612
DA:155,43612
FN:161,SingleVoteGovernor.setThreshold
FNDA:5160,SingleVoteGovernor.setThreshold
DA:163,259
BRDA:163,5,0,256
BRDA:163,5,1,3
DA:164,256
DA:170,3
DA:171,3
FN:174,SingleVoteGovernor.setVotingDuration
FNDA:4500,SingleVoteGovernor.setVotingDuration
DA:177,6
DA:178,5
BRDA:176,6,0,2
BRDA:176,6,1,4
DA:180,2
DA:183,4
DA:184,4
FN:190,SingleVoteGovernor.addVoter
FNDA:61890,SingleVoteGovernor.addVoter
DA:191,57126
BRDA:191,7,0,52176
BRDA:191,7,1,57126
DA:192,52176
DA:194,52176
DA:196,52176
FN:200,SingleVoteGovernor.removeVoter
FNDA:14043,SingleVoteGovernor.removeVoter
DA:202,9403
BRDA:202,8,0,1
BRDA:202,8,1,9402
DA:203,1
DA:207,9402
BRDA:207,9,0,1
BRDA:207,9,1,9401
DA:208,1
DA:211,9401
BRDA:211,10,0,4702
BRDA:211,10,1,9401
DA:212,4702
DA:214,4702
DA:216,4702
FN:223,SingleVoteGovernor.createMotion
FNDA:59435,SingleVoteGovernor.createMotion
DA:229,54549
DA:233,54549
DA:236,54549
DA:237,54549
DA:239,54549
DA:240,54549
DA:241,54549
DA:243,54549
DA:247,54549
DA:250,54549
FN:253,SingleVoteGovernor.castVote
FNDA:351884,SingleVoteGovernor.castVote
DA:258,336623
BRDA:258,11,0,256
BRDA:258,11,1,336367
DA:259,256
DA:263,336367
BRDA:263,12,0,60066
BRDA:263,12,1,276301
DA:264,60066
DA:268,276301
DA:271,276301
BRDA:271,13,0,95517
BRDA:271,13,1,180784
DA:272,95517
DA:276,180784
BRDA:276,14,0,13824
BRDA:276,14,1,166960
DA:277,13824
DA:280,166960
BRDA:280,15,0,151700
BRDA:280,15,1,15260
DA:282,151700
DA:284,15260
BRDA:284,16,0,9752
BRDA:284,16,1,5508
DA:286,9752
DA:288,5508
BRDA:288,17,0,5508
BRDA:288,17,1,5508
DA:290,5508
DA:294,166960
FN:297,SingleVoteGovernor.executeMotion
FNDA:47491,SingleVoteGovernor.executeMotion
DA:299,47491
DA:302,47491
BRDA:302,18,0,256
BRDA:302,18,1,47235
DA:303,256
DA:307,47235
BRDA:307,19,0,2
BRDA:307,19,1,47233
DA:308,2
DA:312,47233
BRDA:312,20,0,1
BRDA:312,20,1,47232
DA:313,1
DA:317,47232
BRDA:317,21,0,1
BRDA:317,21,1,47231
DA:318,1
DA:322,47231
DA:325,47231
DA:326,47231
DA:327,47231
DA:330,47231
DA:331,47231
DA:333,47231
FNF:9
FNH:9
LF:93
LH:91
BRF:44
BRH:42
end_of_record
TN:
SF:src/orchestrator/Orchestrator.sol
FN:98,Orchestrator.init
FNDA:16101,Orchestrator.init
DA:107,15845
DA:110,15845
DA:112,15845
DA:114,15845
DA:115,15845
DA:116,15845
DA:121,15845
DA:122,15845
DA:123,15845
FN:134,Orchestrator._isModuleUsedInOrchestrator
FNDA:4,Orchestrator._isModuleUsedInOrchestrator
DA:139,4
DA:140,4
DA:141,4
DA:142,4
DA:144,10
DA:145,10
DA:147,10
BRDA:147,0,0,-
BRDA:147,0,1,4
DA:149,4
DA:150,4
BRDA:148,1,0,-
BRDA:148,1,1,4
DA:152,4
DA:157,6
DA:161,0
FN:165,Orchestrator.findModuleAddressInOrchestrator
FNDA:4,Orchestrator.findModuleAddressInOrchestrator
DA:170,4
DA:171,4
DA:172,4
BRDA:172,2,0,-
BRDA:172,2,1,4
DA:173,0
DA:176,4
FN:186,Orchestrator.verifyAddressIsAuthorizerModule
FNDA:0,Orchestrator.verifyAddressIsAuthorizerModule
DA:191,257
DA:193,257
FN:201,Orchestrator.verifyAddressIsFundingManager
FNDA:0,Orchestrator.verifyAddressIsFundingManager
DA:206,257
DA:207,257
DA:209,257
FN:217,Orchestrator.verifyAddressIsRecurringPaymentManager
FNDA:0,Orchestrator.verifyAddressIsRecurringPaymentManager
DA:220,0
DA:221,0
DA:223,0
FN:231,Orchestrator.verifyAddressIsPaymentProcessor
FNDA:0,Orchestrator.verifyAddressIsPaymentProcessor
DA:236,257
DA:237,257
DA:239,257
FN:251,Orchestrator.__ModuleManager_isAuthorized
FNDA:1572,Orchestrator.__ModuleManager_isAuthorized
DA:257,1572
FN:264,Orchestrator.setAuthorizer
FNDA:257,Orchestrator.setAuthorizer
DA:268,257
BRDA:268,3,0,257
BRDA:268,3,1,-
DA:269,257
DA:270,257
DA:271,257
DA:272,257
DA:274,0
FN:279,Orchestrator.setFundingManager
FNDA:257,Orchestrator.setFundingManager
DA:283,257
BRDA:283,4,0,257
BRDA:283,4,1,-
DA:284,257
DA:285,257
DA:286,257
DA:287,257
DA:289,0
FN:294,Orchestrator.setPaymentProcessor
FNDA:257,Orchestrator.setPaymentProcessor
DA:298,257
BRDA:298,5,0,257
BRDA:298,5,1,-
DA:299,257
DA:300,257
DA:301,257
DA:302,257
DA:304,0
FN:309,Orchestrator.executeTx
FNDA:1024,Orchestrator.executeTx
DA:314,512
DA:315,512
DA:316,512
DA:318,512
BRDA:318,6,0,256
BRDA:318,6,1,256
DA:319,256
DA:321,256
FN:329,Orchestrator.token
FNDA:164198,Orchestrator.token
DA:330,164198
FN:334,Orchestrator.version
FNDA:1,Orchestrator.version
DA:335,1
FNF:14
FNH:10
LF:64
LH:56
BRF:14
BRH:8
end_of_record
TN:
SF:src/orchestrator/base/ModuleManager.sol
FN:101,ModuleManager.__ModuleManager_init
FNDA:16362,ModuleManager.__ModuleManager_init
DA:105,16361
DA:107,16361
DA:108,16361
DA:112,16361
BRDA:112,0,0,263
BRDA:112,0,1,16098
DA:113,263
DA:116,16098
DA:117,209726
DA:119,209726
FN:123,ModuleManager.__ModuleManager_addModule
FNDA:257261,ModuleManager.__ModuleManager_addModule
DA:128,257257
FN:147,ModuleManager.isModule
FNDA:100835,ModuleManager.isModule
DA:153,474844
FN:157,ModuleManager.listModules
FNDA:1275,ModuleManager.listModules
DA:158,1279
FN:162,ModuleManager.modulesSize
FNDA:0,ModuleManager.modulesSize
DA:163,0
FN:170,ModuleManager.addModule
FNDA:80747,ModuleManager.addModule
DA:177,80747
FN:181,ModuleManager.removeModule
FNDA:31775,ModuleManager.removeModule
DA:186,32034
FN:193,ModuleManager.executeTxFromModule
FNDA:3452,ModuleManager.executeTxFromModule
DA:199,3451
DA:200,3451
DA:202,3451
DA:204,3451
FN:212,ModuleManager._commitAddModule
FNDA:338004,ModuleManager._commitAddModule
DA:214,338004
DA:215,338004
DA:216,338004
FN:221,ModuleManager._commitRemoveModule
FNDA:32034,ModuleManager._commitRemoveModule
DA:228,32034
DA:230,32034
DA:232,32034
DA:233,32034
DA:234,1054852
BRDA:234,1,0,32034
BRDA:234,1,1,1022818
DA:235,32034
DA:236,32034
DA:241,32034
DA:243,32034
DA:245,32034
DA:247,32034
FN:250,ModuleManager._ensureValidModule
FNDA:338010,ModuleManager._ensureValidModule
DA:251,338010
BRDA:251,2,0,6
BRDA:251,2,1,338004
DA:252,6
FN:256,ModuleManager._ensureNotModule
FNDA:338267,ModuleManager._ensureNotModule
DA:257,338267
BRDA:257,3,0,257
BRDA:257,3,1,338010
DA:258,257
FNF:12
FNH:11
LF:36
LH:35
BRF:8
BRH:8
end_of_record
TN:
SF:test/e2e/E2eTest.sol
FN:73,E2eTest.setUpRebasingFundingManager
FNDA:0,E2eTest.setUpRebasingFundingManager
DA:75,0
DA:78,0
DA:79,0
DA:82,0
DA:83,0
DA:88,0
FN:109,E2eTest.setUpBancorVirtualSupplyBondingCurveFundingManager
FNDA:0,E2eTest.setUpBancorVirtualSupplyBondingCurveFundingManager
DA:111,0
DA:115,0
DA:116,0
DA:119,0
DA:120,0
DA:125,0
FN:150,E2eTest.setUpAuthorizerMock
FNDA:0,E2eTest.setUpAuthorizerMock
DA:152,0
DA:155,0
DA:156,0
DA:159,0
DA:160,0
DA:163,0
FN:182,E2eTest.setUpRoleAuthorizer
FNDA:0,E2eTest.setUpRoleAuthorizer
DA:184,0
DA:187,0
DA:188,0
DA:191,0
DA:192,0
DA:195,0
FN:221,E2eTest.setUpSimplePaymentProcessor
FNDA:0,E2eTest.setUpSimplePaymentProcessor
DA:223,0
DA:226,0
DA:227,0
DA:230,0
DA:231,0
DA:234,0
FN:258,E2eTest.setUpStreamingPaymentProcessor
FNDA:0,E2eTest.setUpStreamingPaymentProcessor
DA:260,0
DA:263,0
DA:264,0
DA:267,0
DA:268,0
DA:273,0
FN:301,E2eTest.setUpRecurringPaymentManager
FNDA:0,E2eTest.setUpRecurringPaymentManager
DA:303,0
DA:306,0
DA:307,0
DA:310,0
DA:311,0
DA:316,0
FN:335,E2eTest.setUpBountyManager
FNDA:0,E2eTest.setUpBountyManager
DA:337,0
DA:340,0
DA:341,0
DA:344,0
DA:345,0
DA:348,0
FN:379,E2eTest.setSingleVoteGovernor
FNDA:0,E2eTest.setSingleVoteGovernor
DA:381,0
DA:384,0
DA:385,0
DA:388,0
DA:389,0
DA:392,0
FN:397,E2eTest.setUp
FNDA:0,E2eTest.setUp
DA:399,0
DA:402,0
DA:404,0
DA:408,0
DA:409,0
DA:412,0
DA:413,0
DA:415,0
DA:416,0
DA:419,0
DA:420,0
DA:423,0
FN:426,E2eTest._createNewOrchestratorWithAllModules
FNDA:0,E2eTest._createNewOrchestratorWithAllModules
DA:429,0
DA:430,0
DA:431,0
DA:433,0
DA:434,0
DA:441,0
FN:450,E2eTest._createNewOrchestratorWithAllModules_withRecurringPaymentManagerAndStreamingPaymentProcessor
FNDA:0,E2eTest._createNewOrchestratorWithAllModules_withRecurringPaymentManagerAndStreamingPaymentProcessor
DA:453,0
DA:454,0
DA:455,0
DA:457,0
DA:458,0
DA:465,0
FN:474,E2eTest._createNewOrchestratorWithAllModules_withRoleBasedAuthorizerAndBountyManager
FNDA:0,E2eTest._createNewOrchestratorWithAllModules_withRoleBasedAuthorizerAndBountyManager
DA:477,0
DA:478,0
DA:479,0
DA:481,0
DA:482,0
DA:489,0
FN:498,E2eTest._createNewOrchestratorWithAllModules_withBondingCurveFundingManager
FNDA:0,E2eTest._createNewOrchestratorWithAllModules_withBondingCurveFundingManager
DA:501,0
DA:502,0
DA:503,0
DA:505,0
DA:507,0
DA:509,0
DA:526,0
FNF:14
FNH:0
LF:91
LH:0
BRF:0
BRH:0
end_of_record
TN:
SF:test/modules/ModuleTest.sol
FN:53,ModuleTest._setUpOrchestrator
FNDA:0,ModuleTest._setUpOrchestrator
DA:54,0
DA:55,0
DA:57,0
DA:58,0
DA:60,0
DA:68,0
FN:93,ModuleTest._assumeNonEmptyString
FNDA:0,ModuleTest._assumeNonEmptyString
DA:94,0
FN:97,ModuleTest._assumeTimestampNotInPast
FNDA:0,ModuleTest._assumeTimestampNotInPast
DA:98,0
FN:103,ModuleTest._assumeElemNotInSet
FNDA:0,ModuleTest._assumeElemNotInSet
DA:107,0
DA:108,0
FN:112,ModuleTest._assumeElemNotInSet
FNDA:0,ModuleTest._assumeElemNotInSet
DA:113,0
DA:114,0
FN:118,ModuleTest._assumeElemNotInSet
FNDA:0,ModuleTest._assumeElemNotInSet
DA:122,0
DA:123,0
FN:127,ModuleTest._assumeElemNotInSet
FNDA:0,ModuleTest._assumeElemNotInSet
DA:131,0
DA:132,0
FNF:7
FNH:0
LF:16
LH:0
BRF:0
BRH:0
end_of_record
TN:
SF:test/modules/authorizer/TokenGatedRoleAuthorizer.t.sol
FN:37,TokenGatedRoleAuthorizerUpstreamTests.setUp
FNDA:0,TokenGatedRoleAuthorizerUpstreamTests.setUp
DA:39,0
DA:40,0
DA:43,0
DA:44,0
DA:45,0
DA:46,0
DA:47,0
DA:48,0
DA:57,0
DA:58,0
DA:60,0
DA:65,0
DA:69,0
DA:70,0
FNF:1
FNH:0
LF:14
LH:0
BRF:0
BRH:0
end_of_record
TN:
SF:test/modules/fundingManager/bondingCurveFundingManager/marketMaker/utils/mocks/BancorFormulaMock.sol
FN:7,BancorFormulaMock.calculatePurchaseReturn
FNDA:0,BancorFormulaMock.calculatePurchaseReturn
FN:13,BancorFormulaMock.calculateSaleReturn
FNDA:0,BancorFormulaMock.calculateSaleReturn
FN:19,BancorFormulaMock.calculateCrossConnectorReturn
FNDA:0,BancorFormulaMock.calculateCrossConnectorReturn
FNF:3
FNH:0
LF:0
LH:0
BRF:0
BRH:0
end_of_record
TN:
SF:test/modules/fundingManager/bondingCurveFundingManager/marketMaker/utils/mocks/BancorVirtualSupplyBondingCurveFundingManagerMock.sol
FN:29,BancorVirtualSupplyBondingCurveFundingManagerMock.call_BPS
FNDA:1024,BancorVirtualSupplyBondingCurveFundingManagerMock.call_BPS
DA:30,1024
FN:33,BancorVirtualSupplyBondingCurveFundingManagerMock.call_PPM
FNDA:1024,BancorVirtualSupplyBondingCurveFundingManagerMock.call_PPM
DA:34,1024
FN:37,BancorVirtualSupplyBondingCurveFundingManagerMock.call_reserveRatioForBuying
FNDA:1026,BancorVirtualSupplyBondingCurveFundingManagerMock.call_reserveRatioForBuying
DA:38,1026
FN:41,BancorVirtualSupplyBondingCurveFundingManagerMock.call_reserveRatioForSelling
FNDA:1026,BancorVirtualSupplyBondingCurveFundingManagerMock.call_reserveRatioForSelling
DA:42,1026
FN:45,BancorVirtualSupplyBondingCurveFundingManagerMock.call_convertAmountToRequiredDecimal
FNDA:768,BancorVirtualSupplyBondingCurveFundingManagerMock.call_convertAmountToRequiredDecimal
DA:50,768
FNF:5
FNH:5
LF:5
LH:5
BRF:0
BRH:0
end_of_record
TN:
SF:test/modules/fundingManager/bondingCurveFundingManager/marketMaker/utils/mocks/BondingCurveFundingManagerMock.sol
FN:25,BondingCurveFundingManagerMock.init
FNDA:1,BondingCurveFundingManagerMock.init
DA:30,0
DA:32,0
DA:39,0
DA:43,0
DA:47,0
DA:49,0
DA:51,0
DA:53,0
BRDA:53,0,0,-
BRDA:53,0,1,-
FN:56,BondingCurveFundingManagerMock._issueTokensFormulaWrapper
FNDA:768,BondingCurveFundingManagerMock._issueTokensFormulaWrapper
DA:64,768
FN:70,BondingCurveFundingManagerMock.call_calculateFeeDeductedDepositAmount
FNDA:512,BondingCurveFundingManagerMock.call_calculateFeeDeductedDepositAmount
DA:74,512
FN:77,BondingCurveFundingManagerMock.call_BPS
FNDA:1536,BondingCurveFundingManagerMock.call_BPS
DA:78,1536
FN:82,BondingCurveFundingManagerMock.call_setDecimals
FNDA:257,BondingCurveFundingManagerMock.call_setDecimals
DA:83,257
FN:90,BondingCurveFundingManagerMock.token
FNDA:0,BondingCurveFundingManagerMock.token
DA:91,0
FNF:6
FNH:5
LF:13
LH:4
BRF:2
BRH:0
end_of_record
TN:
SF:test/modules/fundingManager/bondingCurveFundingManager/marketMaker/utils/mocks/RedeemingBondingCurveFundingManagerMock.sol
FN:27,RedeemingBondingCurveFundingManagerMock.init
FNDA:1,RedeemingBondingCurveFundingManagerMock.init
DA:32,0
DA:34,0
DA:42,0
DA:46,0
DA:50,0
DA:52,0
DA:54,0
DA:56,0
BRDA:56,0,0,-
BRDA:56,0,1,-
DA:58,0
BRDA:58,1,0,-
BRDA:58,1,1,-
FN:61,RedeemingBondingCurveFundingManagerMock._issueTokensFormulaWrapper
FNDA:1024,RedeemingBondingCurveFundingManagerMock._issueTokensFormulaWrapper
DA:69,1024
FN:72,RedeemingBondingCurveFundingManagerMock._redeemTokensFormulaWrapper
FNDA:1024,RedeemingBondingCurveFundingManagerMock._redeemTokensFormulaWrapper
DA:80,1024
FN:86,RedeemingBondingCurveFundingManagerMock.call_BPS
FNDA:1024,RedeemingBondingCurveFundingManagerMock.call_BPS
DA:87,1024
FN:94,RedeemingBondingCurveFundingManagerMock.token
FNDA:0,RedeemingBondingCurveFundingManagerMock.token
DA:95,0
FNF:5
FNH:4
LF:13
LH:3
BRF:4
BRH:0
end_of_record
TN:
SF:test/modules/fundingManager/bondingCurveFundingManager/marketMaker/utils/mocks/VirtualCollateralSupplyBaseMock.sol
FN:8,VirtualCollateralSupplyBaseMock.setVirtualCollateralSupply
FNDA:256,VirtualCollateralSupplyBaseMock.setVirtualCollateralSupply
DA:13,256
FN:16,VirtualCollateralSupplyBaseMock.addVirtualCollateralAmount
FNDA:512,VirtualCollateralSupplyBaseMock.addVirtualCollateralAmount
DA:17,512
FN:20,VirtualCollateralSupplyBaseMock.subVirtualCollateralAmount
FNDA:512,VirtualCollateralSupplyBaseMock.subVirtualCollateralAmount
DA:21,512
FNF:3
FNH:3
LF:3
LH:3
BRF:0
BRH:0
end_of_record
TN:
SF:test/modules/fundingManager/bondingCurveFundingManager/marketMaker/utils/mocks/VirtualTokenSupplyBaseMock.sol
FN:8,VirtualTokenSupplyBaseMock.setVirtualTokenSupply
FNDA:256,VirtualTokenSupplyBaseMock.setVirtualTokenSupply
DA:13,256
FN:16,VirtualTokenSupplyBaseMock.addVirtualTokenAmount
FNDA:512,VirtualTokenSupplyBaseMock.addVirtualTokenAmount
DA:17,512
FN:20,VirtualTokenSupplyBaseMock.subVirtualTokenAmount
FNDA:512,VirtualTokenSupplyBaseMock.subVirtualTokenAmount
DA:21,512
FNF:3
FNH:3
LF:3
LH:3
BRF:0
BRH:0
end_of_record
TN:
SF:test/modules/fundingManager/token/Test.t.sol
FN:43,ElasticReceiptTokenTest.setUp
FNDA:0,ElasticReceiptTokenTest.setUp
DA:44,0
DA:46,0
DA:53,0
DA:60,0
DA:61,0
FN:75,ElasticReceiptTokenTest.mintToUser
FNDA:0,ElasticReceiptTokenTest.mintToUser
DA:76,0
DA:78,0
DA:80,0
DA:81,0
DA:83,0
FN:86,ElasticReceiptTokenTest.underflows
FNDA:0,ElasticReceiptTokenTest.underflows
DA:88,0
DA:89,0
FNF:3
FNH:0
LF:12
LH:0
BRF:0
BRH:0
end_of_record
TN:
SF:test/modules/fundingManager/token/utils/mocks/ERC20Mock.sol
FN:13,ERC20Mock.mint
FNDA:3607,ERC20Mock.mint
DA:14,3607
FN:17,ERC20Mock.burn
FNDA:267,ERC20Mock.burn
DA:18,267
FNF:2
FNH:2
LF:2
LH:2
BRF:0
BRH:0
end_of_record
TN:
SF:test/modules/fundingManager/token/utils/mocks/ElasticReceiptTokenBaseMock.sol
FN:28,ElasticReceiptTokenBaseMock._supplyTarget
FNDA:6515,ElasticReceiptTokenBaseMock._supplyTarget
DA:34,6515
FN:37,ElasticReceiptTokenBaseMock.mint
FNDA:3338,ElasticReceiptTokenBaseMock.mint
DA:38,3338
DA:39,2940
FN:42,ElasticReceiptTokenBaseMock.burn
FNDA:147,ElasticReceiptTokenBaseMock.burn
DA:43,147
DA:44,0
FNF:3
FNH:3
LF:5
LH:4
BRF:0
BRH:0
end_of_record
TN:
SF:test/modules/fundingManager/token/utils/mocks/ElasticReceiptTokenMock.sol
FN:25,ElasticReceiptTokenMock._supplyTarget
FNDA:0,ElasticReceiptTokenMock._supplyTarget
DA:31,0
FN:34,ElasticReceiptTokenMock.mint
FNDA:0,ElasticReceiptTokenMock.mint
DA:35,0
DA:36,0
FN:39,ElasticReceiptTokenMock.burn
FNDA:0,ElasticReceiptTokenMock.burn
DA:40,0
DA:41,0
FNF:3
FNH:0
LF:5
LH:0
BRF:0
BRH:0
end_of_record
TN:
SF:test/modules/fundingManager/token/utils/mocks/ElasticReceiptTokenUpgradeableMock.sol
FN:18,ElasticReceiptTokenUpgradeableMock.init
FNDA:261,ElasticReceiptTokenUpgradeableMock.init
DA:24,261
DA:26,5
FN:29,ElasticReceiptTokenUpgradeableMock._supplyTarget
FNDA:256,ElasticReceiptTokenUpgradeableMock._supplyTarget
DA:35,256
FN:38,ElasticReceiptTokenUpgradeableMock.mint
FNDA:256,ElasticReceiptTokenUpgradeableMock.mint
DA:39,256
DA:40,256
FN:43,ElasticReceiptTokenUpgradeableMock.burn
FNDA:0,ElasticReceiptTokenUpgradeableMock.burn
DA:44,0
DA:45,0
FNF:4
FNH:3
LF:7
LH:5
BRF:0
BRH:0
end_of_record
TN:
SF:test/orchestrator/helper/TypeSanityHelper.sol
FN:16,TypeSanityHelper.assumeElemNotInSet
FNDA:12800,TypeSanityHelper.assumeElemNotInSet
DA:20,12800
DA:21,810958
FN:29,TypeSanityHelper.assumeValidOrchestratorId
FNDA:2816,TypeSanityHelper.assumeValidOrchestratorId
DA:30,2816
FN:41,TypeSanityHelper.assumeValidModules
FNDA:3840,TypeSanityHelper.assumeValidModules
DA:42,3840
DA:43,3840
DA:44,262416
DA:47,262416
DA:50,262416
FN:54,TypeSanityHelper.assumeValidModule
FNDA:1024,TypeSanityHelper.assumeValidModule
DA:55,263440
DA:57,263440
DA:58,790320
FN:62,TypeSanityHelper.createInvalidModules
FNDA:2,TypeSanityHelper.createInvalidModules
DA:63,263442
DA:65,263442
DA:66,263442
DA:68,263442
FN:75,TypeSanityHelper.assumeValidFunders
FNDA:0,TypeSanityHelper.assumeValidFunders
FNF:6
FNH:5
LF:15
LH:15
BRF:0
BRH:0
end_of_record
TN:
SF:test/utils/mocks/ERC20Mock.sol
FN:14,ERC20Mock.mint
FNDA:51847,ERC20Mock.mint
DA:15,51847
FN:18,ERC20Mock.burn
FNDA:27776,ERC20Mock.burn
DA:19,27776
FN:22,ERC20Mock.blockAddress
FNDA:1,ERC20Mock.blockAddress
DA:23,1
FN:26,ERC20Mock.unblockAddress
FNDA:1,ERC20Mock.unblockAddress
DA:27,1
FN:30,ERC20Mock.toggleReturnFalse
FNDA:2,ERC20Mock.toggleReturnFalse
DA:31,2
FN:34,ERC20Mock.isBlockedAddress
FNDA:2,ERC20Mock.isBlockedAddress
DA:35,104892
FN:38,ERC20Mock.transfer
FNDA:12682,ERC20Mock.transfer
DA:39,12682
BRDA:39,0,0,-
BRDA:39,0,1,12682
DA:40,0
DA:42,12682
BRDA:42,1,0,-
BRDA:42,1,1,12682
DA:43,12682
DA:44,12682
DA:45,12682
FN:48,ERC20Mock.transferFrom
FNDA:92209,ERC20Mock.transferFrom
DA:53,92209
BRDA:53,2,0,1
BRDA:53,2,1,92208
DA:54,1
DA:56,92208
BRDA:56,3,0,1
BRDA:56,3,1,92207
DA:57,92207
DA:58,92207
DA:59,92207
DA:60,92207
FNF:8
FNH:8
LF:19
LH:18
BRF:8
BRH:6
end_of_record
TN:
SF:test/utils/mocks/ERC721Mock.sol
FN:15,ERC721Mock.mint
FNDA:1638,ERC721Mock.mint
DA:16,1638
DA:17,1638
FN:20,ERC721Mock.burn
FNDA:1894,ERC721Mock.burn
DA:21,1894
FN:24,ERC721Mock.blockAddress
FNDA:0,ERC721Mock.blockAddress
DA:25,0
FN:28,ERC721Mock.unblockAddress
FNDA:0,ERC721Mock.unblockAddress
DA:29,0
FN:32,ERC721Mock.isBlockedAddress
FNDA:0,ERC721Mock.isBlockedAddress
DA:33,0
FN:36,ERC721Mock.transferFrom
FNDA:0,ERC721Mock.transferFrom
DA:40,0
BRDA:40,0,0,-
BRDA:40,0,1,-
DA:41,0
FNF:6
FNH:2
LF:8
LH:3
BRF:2
BRH:0
end_of_record
TN:
SF:test/utils/mocks/factories/ModuleFactoryMock.sol
FN:20,ModuleFactoryMock.createModule
FNDA:50033,ModuleFactoryMock.createModule
DA:24,50033
FN:27,ModuleFactoryMock.getBeaconAndId
FNDA:0,ModuleFactoryMock.getBeaconAndId
DA:32,0
FN:35,ModuleFactoryMock.registerMetadata
FNDA:0,ModuleFactoryMock.registerMetadata
FNF:3
FNH:1
LF:2
LH:1
BRF:0
BRH:0
end_of_record
TN:
SF:test/utils/mocks/factories/beacon/BeaconMock.sol
FN:9,BeaconMock.overrideImplementation
FNDA:1539,BeaconMock.overrideImplementation
DA:10,1539
FNF:1
FNH:1
LF:1
LH:1
BRF:0
BRH:0
end_of_record
TN:
SF:test/utils/mocks/factories/beacon/ModuleImplementationV1Mock.sol
FN:8,ModuleImplementationV1Mock.initialize
FNDA:256,ModuleImplementationV1Mock.initialize
DA:9,256
FN:12,ModuleImplementationV1Mock.getVersion
FNDA:768,ModuleImplementationV1Mock.getVersion
DA:13,768
FNF:2
FNH:2
LF:2
LH:2
BRF:0
BRH:0
end_of_record
TN:
SF:test/utils/mocks/factories/beacon/ModuleImplementationV2Mock.sol
FN:10,ModuleImplementationV2Mock.initialize
FNDA:0,ModuleImplementationV2Mock.initialize
DA:11,0
FN:14,ModuleImplementationV2Mock.getVersion
FNDA:0,ModuleImplementationV2Mock.getVersion
DA:15,0
FNF:2
FNH:0
LF:2
LH:0
BRF:0
BRH:0
end_of_record
TN:
SF:test/utils/mocks/modules/AuthorizerMock.sol
FN:16,AuthorizerMock.setIsAuthorized
FNDA:2314,AuthorizerMock.setIsAuthorized
DA:17,2314
FN:20,AuthorizerMock.setAllAuthorized
FNDA:0,AuthorizerMock.setAllAuthorized
DA:21,0
FN:27,AuthorizerMock.init
FNDA:260,AuthorizerMock.init
DA:32,259
DA:35,259
DA:36,259
BRDA:36,0,0,-
BRDA:36,0,1,259
DA:38,259
DA:40,259
DA:41,259
FN:44,AuthorizerMock.mockInit
FNDA:256,AuthorizerMock.mockInit
DA:46,256
DA:47,256
BRDA:47,1,0,-
BRDA:47,1,1,256
DA:49,256
FN:75,AuthorizerMock.generateRoleId
FNDA:268875,AuthorizerMock.generateRoleId
DA:80,269643
FN:83,AuthorizerMock.grantRoleFromModule
FNDA:512,AuthorizerMock.grantRoleFromModule
DA:84,512
DA:85,512
FN:88,AuthorizerMock.revokeRoleFromModule
FNDA:256,AuthorizerMock.revokeRoleFromModule
DA:89,256
FN:92,AuthorizerMock.toggleModuleSelfManagement
FNDA:0,AuthorizerMock.toggleModuleSelfManagement
FN:94,AuthorizerMock.transferAdminRole
FNDA:0,AuthorizerMock.transferAdminRole
FN:96,AuthorizerMock.burnAdminFromModuleRole
FNDA:0,AuthorizerMock.burnAdminFromModuleRole
FN:100,AuthorizerMock.getRoleAdmin
FNDA:0,AuthorizerMock.getRoleAdmin
DA:101,0
FN:104,AuthorizerMock.getRoleMember
FNDA:0,AuthorizerMock.getRoleMember
DA:105,0
FN:108,AuthorizerMock.getRoleMemberCount
FNDA:0,AuthorizerMock.getRoleMemberCount
DA:109,0
FN:112,AuthorizerMock.grantRole
FNDA:2826,AuthorizerMock.grantRole
DA:113,2826
FN:116,AuthorizerMock.hasRole
FNDA:636467,AuthorizerMock.hasRole
DA:117,636467
FN:120,AuthorizerMock.hasModuleRole
FNDA:0,AuthorizerMock.hasModuleRole
DA:125,0
DA:126,0
DA:127,0
FN:130,AuthorizerMock.checkRoleMembership
FNDA:512,AuthorizerMock.checkRoleMembership
DA:135,512
FN:138,AuthorizerMock.revokeRole
FNDA:0,AuthorizerMock.revokeRole
DA:139,0
FN:142,AuthorizerMock.renounceRole
FNDA:0,AuthorizerMock.renounceRole
FN:144,AuthorizerMock.getOwnerRole
FNDA:193038,AuthorizerMock.getOwnerRole
DA:145,193038
FN:148,AuthorizerMock.getManagerRole
FNDA:178418,AuthorizerMock.getManagerRole
DA:149,178418
FN:156,AuthorizerMock.grantGlobalRole
FNDA:0,AuthorizerMock.grantGlobalRole
DA:157,0
DA:158,0
FN:165,AuthorizerMock.revokeGlobalRole
FNDA:0,AuthorizerMock.revokeGlobalRole
DA:166,0
DA:167,0
FNF:23
FNH:11
LF:31
LH:19
BRF:4
BRH:2
end_of_record
TN:
SF:test/utils/mocks/modules/ERC20PaymentClientMock.sol
FN:31,ERC20PaymentClientMock.setIsAuthorized
FNDA:1,ERC20PaymentClientMock.setIsAuthorized
DA:32,1
FN:35,ERC20PaymentClientMock.setOrchestrator
FNDA:768,ERC20PaymentClientMock.setOrchestrator
DA:36,768
FN:42,ERC20PaymentClientMock.addPaymentOrder
FNDA:87127,ERC20PaymentClientMock.addPaymentOrder
DA:43,87127
FN:47,ERC20PaymentClientMock.addPaymentOrderUnchecked
FNDA:5,ERC20PaymentClientMock.addPaymentOrderUnchecked
DA:49,5
DA:52,5
DA:54,5
FN:57,ERC20PaymentClientMock.addPaymentOrders
FNDA:1,ERC20PaymentClientMock.addPaymentOrders
DA:58,1
FN:64,ERC20PaymentClientMock._ensureTokenBalance
FNDA:3844,ERC20PaymentClientMock._ensureTokenBalance
DA:68,3844
BRDA:68,0,0,3461
BRDA:68,0,1,3844
DA:69,3844
DA:71,3461
DA:72,3461
FN:76,ERC20PaymentClientMock._ensureTokenAllowance
FNDA:3844,ERC20PaymentClientMock._ensureTokenAllowance
DA:80,3844
FN:83,ERC20PaymentClientMock._isAuthorizedPaymentProcessor
FNDA:3845,ERC20PaymentClientMock._isAuthorizedPaymentProcessor
DA:89,3845
FN:94,ERC20PaymentClientMock.originalEnsureTokenBalance
FNDA:512,ERC20PaymentClientMock.originalEnsureTokenBalance
DA:95,512
FN:98,ERC20PaymentClientMock.originalEnsureTokenAllowance
FNDA:256,ERC20PaymentClientMock.originalEnsureTokenAllowance
DA:102,256
FN:105,ERC20PaymentClientMock.originalIsAuthorizedPaymentProcessor
FNDA:256,ERC20PaymentClientMock.originalIsAuthorizedPaymentProcessor
DA:110,256
FNF:11
FNH:11
LF:16
LH:16
BRF:2
BRH:2
end_of_record
TN:
SF:test/utils/mocks/modules/FundingManagerMock.sol
FN:19,FundingManagerMock.init
FNDA:0,FundingManagerMock.init
DA:24,0
FN:27,FundingManagerMock.setToken
FNDA:1280,FundingManagerMock.setToken
DA:28,1280
FN:31,FundingManagerMock.token
FNDA:512,FundingManagerMock.token
DA:32,512
FN:35,FundingManagerMock.deposit
FNDA:0,FundingManagerMock.deposit
DA:36,0
FN:39,FundingManagerMock.depositFor
FNDA:0,FundingManagerMock.depositFor
DA:40,0
FN:43,FundingManagerMock.withdraw
FNDA:0,FundingManagerMock.withdraw
DA:44,0
FN:47,FundingManagerMock.withdrawTo
FNDA:0,FundingManagerMock.withdrawTo
DA:48,0
FN:51,FundingManagerMock.transferOrchestratorToken
FNDA:3189,FundingManagerMock.transferOrchestratorToken
DA:52,3189
FNF:8
FNH:3
LF:8
LH:3
BRF:0
BRH:0
end_of_record
TN:
SF:test/utils/mocks/modules/PaymentProcessorMock.sol
FN:15,PaymentProcessorMock.processPayments
FNDA:12032,PaymentProcessorMock.processPayments
FN:17,PaymentProcessorMock.cancelRunningPayments
FNDA:0,PaymentProcessorMock.cancelRunningPayments
FN:19,PaymentProcessorMock.token
FNDA:256,PaymentProcessorMock.token
DA:20,0
FN:23,PaymentProcessorMock.deleteAllPayments
FNDA:3189,PaymentProcessorMock.deleteAllPayments
DA:24,3189
FNF:4
FNH:3
LF:2
LH:1
BRF:0
BRH:0
end_of_record
TN:
SF:test/utils/mocks/modules/base/ModuleMock.sol
FN:7,ModuleMock.init
FNDA:516,ModuleMock.init
DA:12,515
FN:16,ModuleMock.initNoInitializer
FNDA:1,ModuleMock.initNoInitializer
DA:21,1
FNF:2
FNH:2
LF:2
LH:2
BRF:0
BRH:0
end_of_record
TN:
SF:test/utils/mocks/orchestrator/OrchestratorMock.sol
FN:24,OrchestratorMock.executeTxFromModule
FNDA:512,OrchestratorMock.executeTxFromModule
DA:28,512
DA:29,512
FN:32,OrchestratorMock.addModule
FNDA:0,OrchestratorMock.addModule
FN:34,OrchestratorMock.removeModule
FNDA:0,OrchestratorMock.removeModule
FN:36,OrchestratorMock.isModule
FNDA:0,OrchestratorMock.isModule
FN:38,OrchestratorMock.listModules
FNDA:0,OrchestratorMock.listModules
FN:40,OrchestratorMock.modulesSize
FNDA:0,OrchestratorMock.modulesSize
FN:42,OrchestratorMock.grantRole
FNDA:0,OrchestratorMock.grantRole
FN:44,OrchestratorMock.revokeRole
FNDA:0,OrchestratorMock.revokeRole
FN:46,OrchestratorMock.renounceRole
FNDA:0,OrchestratorMock.renounceRole
FN:48,OrchestratorMock.hasRole
FNDA:0,OrchestratorMock.hasRole
FN:53,OrchestratorMock.init
FNDA:0,OrchestratorMock.init
FN:62,OrchestratorMock.setAuthorizer
FNDA:0,OrchestratorMock.setAuthorizer
FN:64,OrchestratorMock.setFundingManager
FNDA:768,OrchestratorMock.setFundingManager
DA:65,768
FN:68,OrchestratorMock.setPaymentProcessor
FNDA:768,OrchestratorMock.setPaymentProcessor
DA:71,768
FN:74,OrchestratorMock.executeTx
FNDA:0,OrchestratorMock.executeTx
FN:79,OrchestratorMock.orchestratorId
FNDA:0,OrchestratorMock.orchestratorId
FN:81,OrchestratorMock.authorizer
FNDA:0,OrchestratorMock.authorizer
FN:83,OrchestratorMock.version
FNDA:0,OrchestratorMock.version
FN:85,OrchestratorMock.owner
FNDA:0,OrchestratorMock.owner
FN:87,OrchestratorMock.manager
FNDA:0,OrchestratorMock.manager
FN:89,OrchestratorMock.findModuleAddressInOrchestrator
FNDA:0,OrchestratorMock.findModuleAddressInOrchestrator
FN:95,OrchestratorMock.verifyAddressIsPaymentProcessor
FNDA:0,OrchestratorMock.verifyAddressIsPaymentProcessor
FN:101,OrchestratorMock.verifyAddressIsRecurringPaymentManager
FNDA:0,OrchestratorMock.verifyAddressIsRecurringPaymentManager
FN:105,OrchestratorMock.verifyAddressIsMilestoneManager
FNDA:0,OrchestratorMock.verifyAddressIsMilestoneManager
FN:111,OrchestratorMock.verifyAddressIsFundingManager
FNDA:0,OrchestratorMock.verifyAddressIsFundingManager
FN:117,OrchestratorMock.verifyAddressIsAuthorizerModule
FNDA:0,OrchestratorMock.verifyAddressIsAuthorizerModule
FN:125,OrchestratorMock.setToken
FNDA:768,OrchestratorMock.setToken
DA:126,768
FN:129,OrchestratorMock.setExecuteTxBoolReturn
FNDA:256,OrchestratorMock.setExecuteTxBoolReturn
DA:132,256
FNF:28
FNH:5
LF:6
LH:6
BRF:0
BRH:0
end_of_record
TN:
SF:test/utils/mocks/orchestrator/base/ModuleManagerMock.sol
FN:15,ModuleManagerMock.__ModuleManager_setIsAuthorized
FNDA:512,ModuleManagerMock.__ModuleManager_setIsAuthorized
DA:16,512
FN:19,ModuleManagerMock.__ModuleManager_setAllAuthorized
FNDA:0,ModuleManagerMock.__ModuleManager_setAllAuthorized
DA:20,0
FN:23,ModuleManagerMock.init
FNDA:517,ModuleManagerMock.init
DA:24,516
FN:28,ModuleManagerMock.initNoInitializer
FNDA:1,ModuleManagerMock.initNoInitializer
DA:29,1
FN:32,ModuleManagerMock.__ModuleManager_isAuthorized
FNDA:112492,ModuleManagerMock.__ModuleManager_isAuthorized
DA:38,112492
FNF:5
FNH:4
LF:5
LH:4
BRF:0
BRH:0
end_of_record
